[ 2017-09-20T09:17:39+08:00 ] 124.235.153.58 /favicon.ico
INFO: [ app_init ] --START--
INFO: Run Behavior\BuildLiteBehavior [ RunTime:0.000011s ]
INFO: [ app_init ] --END-- [ RunTime:0.000238s ]
ERR: 无法加载模块:Favicon

[ 2017-09-20T09:17:49+08:00 ] 124.235.153.58 /Uploads/2017-09-16/59bc919000a995827.jpg
INFO: [ app_init ] --START--
INFO: Run Behavior\BuildLiteBehavior [ RunTime:0.000017s ]
INFO: [ app_init ] --END-- [ RunTime:0.000368s ]
ERR: 无法加载模块:Uploads

[ 2017-09-20T09:17:49+08:00 ] 124.235.153.58 /Uploads/2017-09-16/59bc9110354934546.jpg
INFO: [ app_init ] --START--
INFO: Run Behavior\BuildLiteBehavior [ RunTime:0.000012s ]
INFO: [ app_init ] --END-- [ RunTime:0.000269s ]
ERR: 无法加载模块:Uploads

[ 2017-09-20T09:17:49+08:00 ] 124.235.153.58 /Uploads/2017-09-16/59bc908f105f33511.jpg
INFO: [ app_init ] --START--
INFO: Run Behavior\BuildLiteBehavior [ RunTime:0.000018s ]
INFO: [ app_init ] --END-- [ RunTime:0.001194s ]
ERR: 无法加载模块:Uploads

[ 2017-09-20T10:43:05+08:00 ] 124.235.153.58 /favicon.ico
INFO: [ app_init ] --START--
INFO: Run Behavior\BuildLiteBehavior [ RunTime:0.000011s ]
INFO: [ app_init ] --END-- [ RunTime:0.000242s ]
ERR: 无法加载模块:Favicon

[ 2017-09-20T15:28:37+08:00 ] 124.235.153.58 /Public/images/numberFoods//2017-09-16/59bcf217475d44066.jpg
INFO: [ app_init ] --START--
INFO: Run Behavior\BuildLiteBehavior [ RunTime:0.000013s ]
INFO: [ app_init ] --END-- [ RunTime:0.000274s ]
ERR: 无法加载模块:Public

[ 2017-09-20T15:28:37+08:00 ] 124.235.153.58 /Public/images/numberFoods//2017-09-16/59bcf0f28d45a1859.jpg
INFO: [ app_init ] --START--
INFO: Run Behavior\BuildLiteBehavior [ RunTime:0.000015s ]
INFO: [ app_init ] --END-- [ RunTime:0.009088s ]
ERR: 无法加载模块:Public

[ 2017-09-20T15:28:37+08:00 ] 124.235.153.58 /Public/images/numberFoods//2017-09-16/59bcf07ed6aeb5081.jpg
INFO: [ app_init ] --START--
INFO: Run Behavior\BuildLiteBehavior [ RunTime:0.000009s ]
INFO: [ app_init ] --END-- [ RunTime:0.000229s ]
ERR: 无法加载模块:Public

[ 2017-09-20T15:28:38+08:00 ] 124.235.153.58 /Public/images/numberFoods//2017-09-16/59bcf47c17620954.jpg
INFO: [ app_init ] --START--
INFO: Run Behavior\BuildLiteBehavior [ RunTime:0.000011s ]
INFO: [ app_init ] --END-- [ RunTime:0.000250s ]
ERR: 无法加载模块:Public

[ 2017-09-20T15:28:38+08:00 ] 124.235.153.58 /Public/images/numberFoods//2017-09-16/59bcf2f941ab99327.jpg
INFO: [ app_init ] --START--
INFO: Run Behavior\BuildLiteBehavior [ RunTime:0.000009s ]
INFO: [ app_init ] --END-- [ RunTime:0.000225s ]
ERR: 无法加载模块:Public

[ 2017-09-20T15:28:42+08:00 ] 124.235.153.58 /Public/images/numberFoods//uploads/
INFO: [ app_init ] --START--
INFO: Run Behavior\BuildLiteBehavior [ RunTime:0.000013s ]
INFO: [ app_init ] --END-- [ RunTime:0.000236s ]
ERR: 无法加载模块:Public

[ 2017-09-20T15:28:42+08:00 ] 124.235.153.58 /Public/images/numberFoods//2017-09-19/59c0b29ef13575998.jpg
INFO: [ app_init ] --START--
INFO: Run Behavior\BuildLiteBehavior [ RunTime:0.000011s ]
INFO: [ app_init ] --END-- [ RunTime:0.000241s ]
ERR: 无法加载模块:Public

[ 2017-09-20T15:28:42+08:00 ] 124.235.153.58 /Public/images/numberFoods//2017-09-16/59bcebdd231df1830.jpg
INFO: [ app_init ] --START--
INFO: Run Behavior\BuildLiteBehavior [ RunTime:0.000011s ]
INFO: [ app_init ] --END-- [ RunTime:0.000262s ]
ERR: 无法加载模块:Public

[ 2017-09-20T15:28:42+08:00 ] 124.235.153.58 /Public/images/numberFoods//2017-09-16/59bced525cf2c6186.jpg
INFO: [ app_init ] --START--
INFO: Run Behavior\BuildLiteBehavior [ RunTime:0.000011s ]
INFO: [ app_init ] --END-- [ RunTime:0.000260s ]
ERR: 无法加载模块:Public

[ 2017-09-20T15:28:42+08:00 ] 124.235.153.58 /Public/images/numberFoods//2017-09-19/59c09ae9bf09d7887.jpg
INFO: [ app_init ] --START--
INFO: Run Behavior\BuildLiteBehavior [ RunTime:0.000013s ]
INFO: [ app_init ] --END-- [ RunTime:0.000246s ]
ERR: 无法加载模块:Public

[ 2017-09-20T15:28:43+08:00 ] 124.235.153.58 /Public/images/numberFoods//2017-09-19/59c09b53366e89370.jpg
INFO: [ app_init ] --START--
INFO: Run Behavior\BuildLiteBehavior [ RunTime:0.000011s ]
INFO: [ app_init ] --END-- [ RunTime:0.000231s ]
ERR: 无法加载模块:Public

[ 2017-09-20T15:28:43+08:00 ] 124.235.153.58 /Public/images/numberFoods//2017-09-16/59bceaff8f8177323.jpg
INFO: [ app_init ] --START--
INFO: Run Behavior\BuildLiteBehavior [ RunTime:0.000011s ]
INFO: [ app_init ] --END-- [ RunTime:0.000257s ]
ERR: 无法加载模块:Public

[ 2017-09-20T15:28:43+08:00 ] 124.235.153.58 /Public/images/numberFoods//2017-09-19/59c0a95f22b904127.jpg
INFO: [ app_init ] --START--
INFO: Run Behavior\BuildLiteBehavior [ RunTime:0.000013s ]
INFO: [ app_init ] --END-- [ RunTime:0.000412s ]
ERR: 无法加载模块:Public

[ 2017-09-20T15:28:43+08:00 ] 124.235.153.58 /Public/images/numberFoods//2017-09-16/59bcee28349be4370.jpg
INFO: [ app_init ] --START--
INFO: Run Behavior\BuildLiteBehavior [ RunTime:0.000013s ]
INFO: [ app_init ] --END-- [ RunTime:0.000266s ]
ERR: 无法加载模块:Public

[ 2017-09-20T15:28:43+08:00 ] 124.235.153.58 /Public/images/numberFoods//2017-09-16/59bceebdd7e445569.jpg
INFO: [ app_init ] --START--
INFO: Run Behavior\BuildLiteBehavior [ RunTime:0.000013s ]
INFO: [ app_init ] --END-- [ RunTime:0.000271s ]
ERR: 无法加载模块:Public

[ 2017-09-20T15:28:43+08:00 ] 124.235.153.58 /Public/images/numberFoods//2017-09-16/59bcef419195e9990.jpg
INFO: [ app_init ] --START--
INFO: Run Behavior\BuildLiteBehavior [ RunTime:0.000010s ]
INFO: [ app_init ] --END-- [ RunTime:0.000268s ]
ERR: 无法加载模块:Public

[ 2017-09-20T15:30:39+08:00 ] 124.235.153.58 /Public/images/numberFoods//2017-09-16/59bcf217475d44066.jpg
INFO: [ app_init ] --START--
INFO: Run Behavior\BuildLiteBehavior [ RunTime:0.000015s ]
INFO: [ app_init ] --END-- [ RunTime:0.000281s ]
ERR: 无法加载模块:Public

[ 2017-09-20T15:30:39+08:00 ] 124.235.153.58 /Public/images/numberFoods//2017-09-16/59bcf07ed6aeb5081.jpg
INFO: [ app_init ] --START--
INFO: Run Behavior\BuildLiteBehavior [ RunTime:0.000013s ]
INFO: [ app_init ] --END-- [ RunTime:0.000266s ]
ERR: 无法加载模块:Public

[ 2017-09-20T15:30:39+08:00 ] 124.235.153.58 /Public/images/numberFoods//2017-09-16/59bcf0f28d45a1859.jpg
INFO: [ app_init ] --START--
INFO: Run Behavior\BuildLiteBehavior [ RunTime:0.000015s ]
INFO: [ app_init ] --END-- [ RunTime:0.003947s ]
ERR: 无法加载模块:Public

[ 2017-09-20T15:30:40+08:00 ] 124.235.153.58 /Public/images/numberFoods//2017-09-16/59bcf2f941ab99327.jpg
INFO: [ app_init ] --START--
INFO: Run Behavior\BuildLiteBehavior [ RunTime:0.000011s ]
INFO: [ app_init ] --END-- [ RunTime:0.000291s ]
ERR: 无法加载模块:Public

[ 2017-09-20T15:30:40+08:00 ] 124.235.153.58 /Public/images/numberFoods//2017-09-16/59bcf47c17620954.jpg
INFO: [ app_init ] --START--
INFO: Run Behavior\BuildLiteBehavior [ RunTime:0.000012s ]
INFO: [ app_init ] --END-- [ RunTime:0.000284s ]
ERR: 无法加载模块:Public

[ 2017-09-20T15:30:42+08:00 ] 124.235.153.58 /Public/images/numberFoods//uploads/
INFO: [ app_init ] --START--
INFO: Run Behavior\BuildLiteBehavior [ RunTime:0.000014s ]
INFO: [ app_init ] --END-- [ RunTime:0.000306s ]
ERR: 无法加载模块:Public

[ 2017-09-20T15:30:43+08:00 ] 124.235.153.58 /Public/images/numberFoods//2017-09-19/59c0b29ef13575998.jpg
INFO: [ app_init ] --START--
INFO: Run Behavior\BuildLiteBehavior [ RunTime:0.000013s ]
INFO: [ app_init ] --END-- [ RunTime:0.000289s ]
ERR: 无法加载模块:Public

[ 2017-09-20T15:30:43+08:00 ] 124.235.153.58 /Public/images/numberFoods//2017-09-16/59bcebdd231df1830.jpg
INFO: [ app_init ] --START--
INFO: Run Behavior\BuildLiteBehavior [ RunTime:0.000011s ]
INFO: [ app_init ] --END-- [ RunTime:0.000233s ]
ERR: 无法加载模块:Public

[ 2017-09-20T15:30:43+08:00 ] 124.235.153.58 /Public/images/numberFoods//2017-09-16/59bced525cf2c6186.jpg
INFO: [ app_init ] --START--
INFO: Run Behavior\BuildLiteBehavior [ RunTime:0.000013s ]
INFO: [ app_init ] --END-- [ RunTime:0.000279s ]
ERR: 无法加载模块:Public

[ 2017-09-20T15:30:43+08:00 ] 124.235.153.58 /Public/images/numberFoods//2017-09-19/59c09ae9bf09d7887.jpg
INFO: [ app_init ] --START--
INFO: Run Behavior\BuildLiteBehavior [ RunTime:0.000018s ]
INFO: [ app_init ] --END-- [ RunTime:0.000304s ]
ERR: 无法加载模块:Public

[ 2017-09-20T15:30:43+08:00 ] 124.235.153.58 /Public/images/numberFoods//2017-09-19/59c09b53366e89370.jpg
INFO: [ app_init ] --START--
INFO: Run Behavior\BuildLiteBehavior [ RunTime:0.000013s ]
INFO: [ app_init ] --END-- [ RunTime:0.000409s ]
ERR: 无法加载模块:Public

[ 2017-09-20T15:30:43+08:00 ] 124.235.153.58 /Public/images/numberFoods//2017-09-19/59c0a95f22b904127.jpg
INFO: [ app_init ] --START--
INFO: Run Behavior\BuildLiteBehavior [ RunTime:0.000011s ]
INFO: [ app_init ] --END-- [ RunTime:0.000244s ]
ERR: 无法加载模块:Public

[ 2017-09-20T15:30:44+08:00 ] 124.235.153.58 /Public/images/numberFoods//2017-09-16/59bceaff8f8177323.jpg
INFO: [ app_init ] --START--
INFO: Run Behavior\BuildLiteBehavior [ RunTime:0.000011s ]
INFO: [ app_init ] --END-- [ RunTime:0.000377s ]
ERR: 无法加载模块:Public

[ 2017-09-20T15:30:44+08:00 ] 124.235.153.58 /Public/images/numberFoods//2017-09-16/59bcee28349be4370.jpg
INFO: [ app_init ] --START--
INFO: Run Behavior\BuildLiteBehavior [ RunTime:0.000010s ]
INFO: [ app_init ] --END-- [ RunTime:0.000250s ]
ERR: 无法加载模块:Public

[ 2017-09-20T15:30:44+08:00 ] 124.235.153.58 /Public/images/numberFoods//2017-09-16/59bceebdd7e445569.jpg
INFO: [ app_init ] --START--
INFO: Run Behavior\BuildLiteBehavior [ RunTime:0.000011s ]
INFO: [ app_init ] --END-- [ RunTime:0.000234s ]
ERR: 无法加载模块:Public

[ 2017-09-20T15:30:44+08:00 ] 124.235.153.58 /Public/images/numberFoods//2017-09-16/59bcef419195e9990.jpg
INFO: [ app_init ] --START--
INFO: Run Behavior\BuildLiteBehavior [ RunTime:0.000011s ]
INFO: [ app_init ] --END-- [ RunTime:0.000264s ]
ERR: 无法加载模块:Public

[ 2017-09-20T15:31:02+08:00 ] 124.235.153.58 /Uploads3.jpg
INFO: [ app_init ] --START--
INFO: Run Behavior\BuildLiteBehavior [ RunTime:0.000016s ]
INFO: [ app_init ] --END-- [ RunTime:0.000288s ]
ERR: 无法加载模块:Uploads3

[ 2017-09-20T15:31:02+08:00 ] 124.235.153.58 /Uploads4.jpg
INFO: [ app_init ] --START--
INFO: Run Behavior\BuildLiteBehavior [ RunTime:0.000010s ]
INFO: [ app_init ] --END-- [ RunTime:0.000247s ]
ERR: 无法加载模块:Uploads4

[ 2017-09-20T15:31:02+08:00 ] 124.235.153.58 /Uploads5.jpg
INFO: [ app_init ] --START--
INFO: Run Behavior\BuildLiteBehavior [ RunTime:0.000014s ]
INFO: [ app_init ] --END-- [ RunTime:0.000425s ]
ERR: 无法加载模块:Uploads5

[ 2017-09-20T15:31:02+08:00 ] 124.235.153.58 /Uploads6.jpg
INFO: [ app_init ] --START--
INFO: Run Behavior\BuildLiteBehavior [ RunTime:0.000012s ]
INFO: [ app_init ] --END-- [ RunTime:0.000242s ]
ERR: 无法加载模块:Uploads6

[ 2017-09-20T15:31:03+08:00 ] 124.235.153.58 /Uploads7.jpg
INFO: [ app_init ] --START--
INFO: Run Behavior\BuildLiteBehavior [ RunTime:0.000016s ]
INFO: [ app_init ] --END-- [ RunTime:0.000462s ]
ERR: 无法加载模块:Uploads7

[ 2017-09-20T15:31:03+08:00 ] 124.235.153.58 /Uploads8.jpg
INFO: [ app_init ] --START--
INFO: Run Behavior\BuildLiteBehavior [ RunTime:0.000013s ]
INFO: [ app_init ] --END-- [ RunTime:0.000334s ]
ERR: 无法加载模块:Uploads8

[ 2017-09-20T15:31:03+08:00 ] 124.235.153.58 /Uploads/uploads/
INFO: [ app_init ] --START--
INFO: Run Behavior\BuildLiteBehavior [ RunTime:0.000010s ]
INFO: [ app_init ] --END-- [ RunTime:0.000239s ]
ERR: 无法加载模块:Uploads

[ 2017-09-20T17:15:03+08:00 ] 124.235.153.58 /public/quanxian/img/game/player.png
INFO: [ app_init ] --START--
INFO: Run Behavior\BuildLiteBehavior [ RunTime:0.000015s ]
INFO: [ app_init ] --END-- [ RunTime:0.000815s ]
ERR: 无法加载模块:Public

[ 2017-09-20T17:18:29+08:00 ] 124.235.153.58 /public/quanxian/img/game/bg.jpg
INFO: [ app_init ] --START--
INFO: Run Behavior\BuildLiteBehavior [ RunTime:0.000013s ]
INFO: [ app_init ] --END-- [ RunTime:0.000415s ]
ERR: 无法加载模块:Public

[ 2017-09-20T17:18:32+08:00 ] 124.235.153.58 /public/quanxian/img/game/player.png
INFO: [ app_init ] --START--
INFO: Run Behavior\BuildLiteBehavior [ RunTime:0.000011s ]
INFO: [ app_init ] --END-- [ RunTime:0.000235s ]
ERR: 无法加载模块:Public

[ 2017-09-20T17:24:23+08:00 ] 124.235.153.58 /public/images/game/bg.jpg
INFO: [ app_init ] --START--
INFO: Run Behavior\BuildLiteBehavior [ RunTime:0.000018s ]
INFO: [ app_init ] --END-- [ RunTime:0.000555s ]
ERR: 无法加载模块:Public

