[ 2017-09-22T08:38:45+08:00 ] 124.235.153.58 /index.php/Admin/Waiter
INFO: [ app_init ] --START--
INFO: Run Behavior\BuildLiteBehavior [ RunTime:0.000010s ]
INFO: [ app_init ] --END-- [ RunTime:0.000239s ]
INFO: [ app_begin ] --START--
INFO: Run Behavior\ReadHtmlCacheBehavior [ RunTime:0.000271s ]
INFO: [ app_begin ] --END-- [ RunTime:0.000302s ]

[ 2017-09-22T08:38:47+08:00 ] 124.235.153.58 /index.php/Admin/Waiter?code=061wzA6q1gSA7n0wV06q1wqK6q1wzA63&state=STATE
INFO: [ app_init ] --START--
INFO: Run Behavior\BuildLiteBehavior [ RunTime:0.000013s ]
INFO: [ app_init ] --END-- [ RunTime:0.000381s ]
INFO: [ app_begin ] --START--
INFO: Run Behavior\ReadHtmlCacheBehavior [ RunTime:0.001949s ]
INFO: [ app_begin ] --END-- [ RunTime:0.001985s ]
NOTIC: [8] Undefined property: WxPayJsApi::$curl_timeout /var/www/xhy/ThinkPHP/Library/Vendor/WxpayAPI/example/WxPayJsApi.php 第 99 行.
INFO: [ view_parse ] --START--
INFO: [ template_filter ] --START--
INFO: Run Behavior\ContentReplaceBehavior [ RunTime:0.000035s ]
INFO: [ template_filter ] --END-- [ RunTime:0.000076s ]
INFO: Run Behavior\ParseTemplateBehavior [ RunTime:0.003984s ]
INFO: [ view_parse ] --END-- [ RunTime:0.004107s ]
INFO: [ view_filter ] --START--
INFO: Run Behavior\WriteHtmlCacheBehavior [ RunTime:0.000105s ]
INFO: [ view_filter ] --END-- [ RunTime:0.000128s ]
INFO: [ app_end ] --START--
INFO: Run Behavior\ShowPageTraceBehavior [ RunTime:0.000377s ]
INFO: [ app_end ] --END-- [ RunTime:0.000408s ]

[ 2017-09-22T08:39:50+08:00 ] 124.235.153.58 /index.php/Admin/Waiter/seatNumber/sid/0000000001/id/1/openid/oGcQ7wTdkUrYqYhxVSjYFpjd6wRo.html
INFO: [ app_init ] --START--
INFO: Run Behavior\BuildLiteBehavior [ RunTime:0.000014s ]
INFO: [ app_init ] --END-- [ RunTime:0.000308s ]
INFO: [ app_begin ] --START--
INFO: Run Behavior\ReadHtmlCacheBehavior [ RunTime:0.000263s ]
INFO: [ app_begin ] --END-- [ RunTime:0.000295s ]
SQL: SHOW COLUMNS FROM `meal_info` [ RunTime:0.0008s ]
SQL: SELECT p.*,c.* FROM meal_info as p INNER JOIN meal_usage c on p.sid=c.sid and p.table_id=c.table_id  WHERE (  p.sid = "0000000001" and p.table_type != 0 )  [ RunTime:0.0003s ]
SQL: SHOW COLUMNS FROM `wechat_session` [ RunTime:0.0006s ]
SQL: SELECT `val`,`time` FROM `wechat_session` WHERE `id` = 1 LIMIT 1   [ RunTime:0.0003s ]
SQL: UPDATE `wechat_session` SET `val`='SJMno6C3gB7wegdenvwwdS5WVQrQ7aTJZtr2O_Dp9HZk4zLZfeCLKOmALErs-vH_u5JF8nBVYX1gjIlli1v5mnOAQ7OGMlmjTqtbj3nccmIkptVmPAGYkkuoUB-6wYW8RKLhAEANGH',`time`='1506040789' WHERE `id` = 1 [ RunTime:0.0302s ]
INFO: [ view_parse ] --START--
INFO: [ template_filter ] --START--
INFO: Run Behavior\ContentReplaceBehavior [ RunTime:0.000038s ]
INFO: [ template_filter ] --END-- [ RunTime:0.000081s ]
INFO: Run Behavior\ParseTemplateBehavior [ RunTime:0.007994s ]
INFO: [ view_parse ] --END-- [ RunTime:0.008051s ]
INFO: [ view_filter ] --START--
INFO: Run Behavior\WriteHtmlCacheBehavior [ RunTime:0.000097s ]
INFO: [ view_filter ] --END-- [ RunTime:0.000119s ]
INFO: [ app_end ] --START--
INFO: Run Behavior\ShowPageTraceBehavior [ RunTime:0.000596s ]
INFO: [ app_end ] --END-- [ RunTime:0.000626s ]

[ 2017-09-22T08:55:10+08:00 ] 124.235.153.58 /index.php/Admin/Waiter
INFO: [ app_init ] --START--
INFO: Run Behavior\BuildLiteBehavior [ RunTime:0.000013s ]
INFO: [ app_init ] --END-- [ RunTime:0.000284s ]
INFO: [ app_begin ] --START--
INFO: Run Behavior\ReadHtmlCacheBehavior [ RunTime:0.000307s ]
INFO: [ app_begin ] --END-- [ RunTime:0.000339s ]

[ 2017-09-22T08:55:11+08:00 ] 124.235.153.58 /index.php/Admin/Waiter?code=071UEIni0PAdYl1r5moi0uGXni0UEInH&state=STATE
INFO: [ app_init ] --START--
INFO: Run Behavior\BuildLiteBehavior [ RunTime:0.000012s ]
INFO: [ app_init ] --END-- [ RunTime:0.000243s ]
INFO: [ app_begin ] --START--
INFO: Run Behavior\ReadHtmlCacheBehavior [ RunTime:0.000311s ]
INFO: [ app_begin ] --END-- [ RunTime:0.000342s ]
NOTIC: [8] Undefined property: WxPayJsApi::$curl_timeout /var/www/xhy/ThinkPHP/Library/Vendor/WxpayAPI/example/WxPayJsApi.php 第 99 行.
INFO: [ view_parse ] --START--
INFO: [ template_filter ] --START--
INFO: Run Behavior\ContentReplaceBehavior [ RunTime:0.000037s ]
INFO: [ template_filter ] --END-- [ RunTime:0.000097s ]
INFO: Run Behavior\ParseTemplateBehavior [ RunTime:0.004111s ]
INFO: [ view_parse ] --END-- [ RunTime:0.004154s ]
INFO: [ view_filter ] --START--
INFO: Run Behavior\WriteHtmlCacheBehavior [ RunTime:0.000149s ]
INFO: [ view_filter ] --END-- [ RunTime:0.000172s ]
INFO: [ app_end ] --START--
INFO: Run Behavior\ShowPageTraceBehavior [ RunTime:0.000609s ]
INFO: [ app_end ] --END-- [ RunTime:0.000639s ]

[ 2017-09-22T08:55:17+08:00 ] 124.235.153.58 /index.php/Admin/Waiter/seatNumber/sid/0000000001/id/1/openid/oGcQ7wTdkUrYqYhxVSjYFpjd6wRo.html
INFO: [ app_init ] --START--
INFO: Run Behavior\BuildLiteBehavior [ RunTime:0.000011s ]
INFO: [ app_init ] --END-- [ RunTime:0.000232s ]
INFO: [ app_begin ] --START--
INFO: Run Behavior\ReadHtmlCacheBehavior [ RunTime:0.000281s ]
INFO: [ app_begin ] --END-- [ RunTime:0.000328s ]
SQL: SHOW COLUMNS FROM `meal_info` [ RunTime:0.0009s ]
SQL: SELECT p.*,c.* FROM meal_info as p INNER JOIN meal_usage c on p.sid=c.sid and p.table_id=c.table_id  WHERE (  p.sid = "0000000001" and p.table_type != 0 )  [ RunTime:0.0004s ]
SQL: SHOW COLUMNS FROM `wechat_session` [ RunTime:0.0006s ]
SQL: SELECT `val`,`time` FROM `wechat_session` WHERE `id` = 1 LIMIT 1   [ RunTime:0.0005s ]
INFO: [ view_parse ] --START--
INFO: [ template_filter ] --START--
INFO: Run Behavior\ContentReplaceBehavior [ RunTime:0.000035s ]
INFO: [ template_filter ] --END-- [ RunTime:0.000073s ]
INFO: Run Behavior\ParseTemplateBehavior [ RunTime:0.004989s ]
INFO: [ view_parse ] --END-- [ RunTime:0.005037s ]
INFO: [ view_filter ] --START--
INFO: Run Behavior\WriteHtmlCacheBehavior [ RunTime:0.000092s ]
INFO: [ view_filter ] --END-- [ RunTime:0.000116s ]
INFO: [ app_end ] --START--
INFO: Run Behavior\ShowPageTraceBehavior [ RunTime:0.000333s ]
INFO: [ app_end ] --END-- [ RunTime:0.000360s ]

[ 2017-09-22T09:29:25+08:00 ] 124.235.153.58 /index.php/Admin/Admin/
INFO: [ app_init ] --START--
INFO: Run Behavior\BuildLiteBehavior [ RunTime:0.000013s ]
INFO: [ app_init ] --END-- [ RunTime:0.000249s ]
INFO: [ app_begin ] --START--
INFO: Run Behavior\ReadHtmlCacheBehavior [ RunTime:0.000278s ]
INFO: [ app_begin ] --END-- [ RunTime:0.000309s ]
INFO: [ view_parse ] --START--
INFO: [ template_filter ] --START--
INFO: Run Behavior\ContentReplaceBehavior [ RunTime:0.000037s ]
INFO: [ template_filter ] --END-- [ RunTime:0.000076s ]
INFO: Run Behavior\ParseTemplateBehavior [ RunTime:0.003929s ]
INFO: [ view_parse ] --END-- [ RunTime:0.003973s ]
INFO: [ view_filter ] --START--
INFO: Run Behavior\WriteHtmlCacheBehavior [ RunTime:0.000098s ]
INFO: [ view_filter ] --END-- [ RunTime:0.000123s ]
INFO: [ app_end ] --START--
INFO: Run Behavior\ShowPageTraceBehavior [ RunTime:0.000317s ]
INFO: [ app_end ] --END-- [ RunTime:0.000346s ]

[ 2017-09-22T09:29:28+08:00 ] 124.235.153.58 /index.php/Admin/Admin/
INFO: [ app_init ] --START--
INFO: Run Behavior\BuildLiteBehavior [ RunTime:0.000012s ]
INFO: [ app_init ] --END-- [ RunTime:0.000391s ]
INFO: [ app_begin ] --START--
INFO: Run Behavior\ReadHtmlCacheBehavior [ RunTime:0.000274s ]
INFO: [ app_begin ] --END-- [ RunTime:0.000305s ]
INFO: [ view_parse ] --START--
INFO: [ template_filter ] --START--
INFO: Run Behavior\ContentReplaceBehavior [ RunTime:0.000035s ]
INFO: [ template_filter ] --END-- [ RunTime:0.000069s ]
INFO: Run Behavior\ParseTemplateBehavior [ RunTime:0.003826s ]
INFO: [ view_parse ] --END-- [ RunTime:0.003861s ]
INFO: [ view_filter ] --START--
INFO: Run Behavior\WriteHtmlCacheBehavior [ RunTime:0.000103s ]
INFO: [ view_filter ] --END-- [ RunTime:0.000125s ]
INFO: [ app_end ] --START--
INFO: Run Behavior\ShowPageTraceBehavior [ RunTime:0.000310s ]
INFO: [ app_end ] --END-- [ RunTime:0.000343s ]

[ 2017-09-22T09:30:23+08:00 ] 124.235.153.58 /index.php/Admin/Waiter
INFO: [ app_init ] --START--
INFO: Run Behavior\BuildLiteBehavior [ RunTime:0.000010s ]
INFO: [ app_init ] --END-- [ RunTime:0.000325s ]
INFO: [ app_begin ] --START--
INFO: Run Behavior\ReadHtmlCacheBehavior [ RunTime:0.000317s ]
INFO: [ app_begin ] --END-- [ RunTime:0.000347s ]

[ 2017-09-22T09:35:24+08:00 ] 124.235.153.58 /index.php/Admin/Waiter/
INFO: [ app_init ] --START--
INFO: Run Behavior\BuildLiteBehavior [ RunTime:0.000015s ]
INFO: [ app_init ] --END-- [ RunTime:0.000410s ]
INFO: [ app_begin ] --START--
INFO: Run Behavior\ReadHtmlCacheBehavior [ RunTime:0.000286s ]
INFO: [ app_begin ] --END-- [ RunTime:0.000322s ]

[ 2017-09-22T09:35:25+08:00 ] 124.235.153.58 /index.php/Admin/Waiter/?code=061p1r7z0WSENi1Y406z0b1z7z0p1r76&state=STATE
INFO: [ app_init ] --START--
INFO: Run Behavior\BuildLiteBehavior [ RunTime:0.000013s ]
INFO: [ app_init ] --END-- [ RunTime:0.000312s ]
INFO: [ app_begin ] --START--
INFO: Run Behavior\ReadHtmlCacheBehavior [ RunTime:0.000267s ]
INFO: [ app_begin ] --END-- [ RunTime:0.000299s ]
NOTIC: [8] Undefined property: WxPayJsApi::$curl_timeout /var/www/xhy/ThinkPHP/Library/Vendor/WxpayAPI/example/WxPayJsApi.php 第 99 行.
INFO: [ view_parse ] --START--
INFO: [ template_filter ] --START--
INFO: Run Behavior\ContentReplaceBehavior [ RunTime:0.000036s ]
INFO: [ template_filter ] --END-- [ RunTime:0.000081s ]
INFO: Run Behavior\ParseTemplateBehavior [ RunTime:0.003852s ]
INFO: [ view_parse ] --END-- [ RunTime:0.003905s ]
INFO: [ view_filter ] --START--
INFO: Run Behavior\WriteHtmlCacheBehavior [ RunTime:0.000092s ]
INFO: [ view_filter ] --END-- [ RunTime:0.000121s ]
INFO: [ app_end ] --START--
INFO: Run Behavior\ShowPageTraceBehavior [ RunTime:0.000439s ]
INFO: [ app_end ] --END-- [ RunTime:0.000484s ]

[ 2017-09-22T09:36:13+08:00 ] 124.235.153.58 /index.php/Admin/Waiter/getNumber/sid/0000000001/openid/oGcQ7wTdkUrYqYhxVSjYFpjd6wRo.html
INFO: [ app_init ] --START--
INFO: Run Behavior\BuildLiteBehavior [ RunTime:0.000016s ]
INFO: [ app_init ] --END-- [ RunTime:0.000421s ]
INFO: [ app_begin ] --START--
INFO: Run Behavior\ReadHtmlCacheBehavior [ RunTime:0.000347s ]
INFO: [ app_begin ] --END-- [ RunTime:0.000386s ]
SQL: SHOW COLUMNS FROM `store_info` [ RunTime:0.0025s ]
SQL: SHOW COLUMNS FROM `sys_user` [ RunTime:0.0007s ]
SQL: SELECT `sys_user_openid` FROM `sys_user` WHERE `sys_user_openid` = 'oGcQ7wTdkUrYqYhxVSjYFpjd6wRo' AND `sid` = '0000000001' LIMIT 1   [ RunTime:0.0004s ]
SQL: SELECT `sid`,`address`,`telephone`,`province`,`city`,`district` FROM `store_info` WHERE `sid` = '0000000001'  [ RunTime:0.0004s ]
INFO: [ view_parse ] --START--
INFO: [ template_filter ] --START--
INFO: Run Behavior\ContentReplaceBehavior [ RunTime:0.000050s ]
INFO: [ template_filter ] --END-- [ RunTime:0.000082s ]
INFO: Run Behavior\ParseTemplateBehavior [ RunTime:0.005721s ]
INFO: [ view_parse ] --END-- [ RunTime:0.005761s ]
INFO: [ view_filter ] --START--
INFO: Run Behavior\WriteHtmlCacheBehavior [ RunTime:0.000122s ]
INFO: [ view_filter ] --END-- [ RunTime:0.000153s ]
INFO: [ app_end ] --START--
INFO: Run Behavior\ShowPageTraceBehavior [ RunTime:0.000372s ]
INFO: [ app_end ] --END-- [ RunTime:0.000408s ]

[ 2017-09-22T09:36:24+08:00 ] 124.235.153.58 /index.php/Admin/Waiter/getNumber/sid/0000000001/openid/oGcQ7wTdkUrYqYhxVSjYFpjd6wRo.html
INFO: [ app_init ] --START--
INFO: Run Behavior\BuildLiteBehavior [ RunTime:0.000013s ]
INFO: [ app_init ] --END-- [ RunTime:0.000243s ]
INFO: [ app_begin ] --START--
INFO: Run Behavior\ReadHtmlCacheBehavior [ RunTime:0.000274s ]
INFO: [ app_begin ] --END-- [ RunTime:0.000304s ]
SQL: SHOW COLUMNS FROM `store_info` [ RunTime:0.0009s ]
SQL: SHOW COLUMNS FROM `sys_user` [ RunTime:0.0007s ]
SQL: SELECT `sys_user_openid` FROM `sys_user` WHERE `sys_user_openid` = 'oGcQ7wTdkUrYqYhxVSjYFpjd6wRo' AND `sid` = '0000000001' LIMIT 1   [ RunTime:0.0003s ]
SQL: SELECT `sid`,`address`,`telephone`,`province`,`city`,`district` FROM `store_info` WHERE `sid` = '0000000001'  [ RunTime:0.0006s ]
INFO: [ view_parse ] --START--
INFO: [ template_filter ] --START--
INFO: Run Behavior\ContentReplaceBehavior [ RunTime:0.000052s ]
INFO: [ template_filter ] --END-- [ RunTime:0.000089s ]
INFO: Run Behavior\ParseTemplateBehavior [ RunTime:0.005497s ]
INFO: [ view_parse ] --END-- [ RunTime:0.005540s ]
INFO: [ view_filter ] --START--
INFO: Run Behavior\WriteHtmlCacheBehavior [ RunTime:0.000109s ]
INFO: [ view_filter ] --END-- [ RunTime:0.000134s ]
INFO: [ app_end ] --START--
INFO: Run Behavior\ShowPageTraceBehavior [ RunTime:0.000317s ]
INFO: [ app_end ] --END-- [ RunTime:0.000348s ]

[ 2017-09-22T09:36:52+08:00 ] 124.235.153.58 /index.php/Admin/Waiter/checkTel.html?tel=18717272828&sid=0000000001
INFO: [ app_init ] --START--
INFO: Run Behavior\BuildLiteBehavior [ RunTime:0.000011s ]
INFO: [ app_init ] --END-- [ RunTime:0.001241s ]
INFO: [ app_begin ] --START--
INFO: Run Behavior\ReadHtmlCacheBehavior [ RunTime:0.000339s ]
INFO: [ app_begin ] --END-- [ RunTime:0.000373s ]
SQL: SHOW COLUMNS FROM `queue_number` [ RunTime:0.0009s ]
SQL: SELECT * FROM `queue_number` WHERE ( phone_number ="18717272828" and sid ="0000000001" and state=0 and start_time >=" 2017-09-22 00:00:00" )  [ RunTime:0.0005s ]

[ 2017-09-22T09:37:15+08:00 ] 124.235.153.58 /index.php/Admin/Waiter/saveNumber.html
INFO: [ app_init ] --START--
INFO: Run Behavior\BuildLiteBehavior [ RunTime:0.000016s ]
INFO: [ app_init ] --END-- [ RunTime:0.000525s ]
INFO: [ app_begin ] --START--
INFO: Run Behavior\ReadHtmlCacheBehavior [ RunTime:0.000373s ]
INFO: [ app_begin ] --END-- [ RunTime:0.000418s ]
SQL: SHOW COLUMNS FROM `queue_number` [ RunTime:0.0008s ]
SQL: SELECT `queue_id`,date_format(max(start_time),"20%y%m%d") as maxtime,`start_time` FROM `queue_number` GROUP BY start_time ORDER BY start_time desc LIMIT 1   [ RunTime:0.0006s ]
SQL: SELECT count(1) as countCode FROM `queue_number` WHERE ( state = 0  and substr(start_time,1,10)=substr(now(),1,10) and sid ="0000000001" and start_time <= "2017-09-22 09:37:15" )  [ RunTime:0.0005s ]
SQL: SELECT `table_type`,count(queue_id) as num FROM `queue_number` WHERE ( state = 0  and substr(start_time,1,10)=substr(now(),1,10) and sid ="0000000001"  and table_type = "2" ) GROUP BY table_type  [ RunTime:0.0004s ]
NOTIC: [8] Undefined offset: 0 /var/www/xhy/Application/Admin/Controller/WaiterController.class.php 第 129 行.
SQL: SELECT max(start_time) FROM `queue_number` WHERE ( openid= "oGcQ7wTdkUrYqYhxVSjYFpjd6wRo" )  [ RunTime:0.0004s ]
ERR: 1064:You have an error in your SQL syntax; check the manual that corresponds to your MySQL server version for the right syntax to use near '*10 when table_type= 2 then *15 when table_type=3
                        then ' at line 1
 [ SQL语句 ] : SELECT distinct (case when table_type= 1 then *10 when table_type= 2 then *15 when table_type=3
                        then *20 when table_type=4 then *30 else 0 end ) as waitingtime FROM `queue_number` WHERE ( state = 0  and sid="0000000001" and table_type ="2" and now() > "2017-09-21 09:17:10" ) LIMIT 1  
ERR: 1064:You have an error in your SQL syntax; check the manual that corresponds to your MySQL server version for the right syntax to use near '*10 when table_type= 2 then *15 when table_type=3
                        then ' at line 1
 [ SQL语句 ] : SELECT distinct (case when table_type= 1 then *10 when table_type= 2 then *15 when table_type=3
                        then *20 when table_type=4 then *30 else 0 end ) as waitingtime FROM `queue_number` WHERE ( state = 0  and sid="0000000001" and table_type ="2" and now() > "2017-09-21 09:17:10" ) LIMIT 1  

[ 2017-09-22T09:37:19+08:00 ] 124.235.153.58 /index.php/Admin/Waiter/checkTel.html?tel=18717272828&sid=0000000001
INFO: [ app_init ] --START--
INFO: Run Behavior\BuildLiteBehavior [ RunTime:0.000011s ]
INFO: [ app_init ] --END-- [ RunTime:0.000278s ]
INFO: [ app_begin ] --START--
INFO: Run Behavior\ReadHtmlCacheBehavior [ RunTime:0.000295s ]
INFO: [ app_begin ] --END-- [ RunTime:0.000324s ]
SQL: SHOW COLUMNS FROM `queue_number` [ RunTime:0.0008s ]
SQL: SELECT * FROM `queue_number` WHERE ( phone_number ="18717272828" and sid ="0000000001" and state=0 and start_time >=" 2017-09-22 00:00:00" )  [ RunTime:0.0003s ]

[ 2017-09-22T09:37:29+08:00 ] 124.235.153.58 /index.php/Admin/Waiter/seatNumber/sid/0000000001/id/1/openid/oGcQ7wTdkUrYqYhxVSjYFpjd6wRo.html
INFO: [ app_init ] --START--
INFO: Run Behavior\BuildLiteBehavior [ RunTime:0.000022s ]
INFO: [ app_init ] --END-- [ RunTime:0.000463s ]
INFO: [ app_begin ] --START--
INFO: Run Behavior\ReadHtmlCacheBehavior [ RunTime:0.000408s ]
INFO: [ app_begin ] --END-- [ RunTime:0.000450s ]
SQL: SHOW COLUMNS FROM `meal_info` [ RunTime:0.0009s ]
SQL: SELECT p.*,c.* FROM meal_info as p INNER JOIN meal_usage c on p.sid=c.sid and p.table_id=c.table_id  WHERE (  p.sid = "0000000001" and p.table_type != 0 )  [ RunTime:0.0004s ]
SQL: SHOW COLUMNS FROM `wechat_session` [ RunTime:0.0016s ]
SQL: SELECT `val`,`time` FROM `wechat_session` WHERE `id` = 1 LIMIT 1   [ RunTime:0.0004s ]
INFO: [ view_parse ] --START--
INFO: [ template_filter ] --START--
INFO: Run Behavior\ContentReplaceBehavior [ RunTime:0.000038s ]
INFO: [ template_filter ] --END-- [ RunTime:0.000085s ]
INFO: Run Behavior\ParseTemplateBehavior [ RunTime:0.006440s ]
INFO: [ view_parse ] --END-- [ RunTime:0.006499s ]
INFO: [ view_filter ] --START--
INFO: Run Behavior\WriteHtmlCacheBehavior [ RunTime:0.000103s ]
INFO: [ view_filter ] --END-- [ RunTime:0.000127s ]
INFO: [ app_end ] --START--
INFO: Run Behavior\ShowPageTraceBehavior [ RunTime:0.000323s ]
INFO: [ app_end ] --END-- [ RunTime:0.000360s ]

[ 2017-09-22T09:37:57+08:00 ] 124.235.153.58 /index.php/Admin/Waiter/report/sid/0000000001.html
INFO: [ app_init ] --START--
INFO: Run Behavior\BuildLiteBehavior [ RunTime:0.000012s ]
INFO: [ app_init ] --END-- [ RunTime:0.000279s ]
INFO: [ app_begin ] --START--
INFO: Run Behavior\ReadHtmlCacheBehavior [ RunTime:0.000352s ]
INFO: [ app_begin ] --END-- [ RunTime:0.000385s ]
NOTIC: [8] Undefined index: begin_time /var/www/xhy/Application/Admin/Controller/WaiterController.class.php 第 361 行.
SQL: SHOW COLUMNS FROM `order_number` [ RunTime:0.0008s ]
SQL: SELECT `table_id`,count(table_id) count FROM `order_number` WHERE ( sid = "0000000001" ) GROUP BY table_id  [ RunTime:0.0005s ]
INFO: [ view_parse ] --START--
INFO: [ template_filter ] --START--
INFO: Run Behavior\ContentReplaceBehavior [ RunTime:0.000033s ]
INFO: [ template_filter ] --END-- [ RunTime:0.000063s ]
INFO: Run Behavior\ParseTemplateBehavior [ RunTime:0.004193s ]
INFO: [ view_parse ] --END-- [ RunTime:0.004234s ]
INFO: [ view_filter ] --START--
INFO: Run Behavior\WriteHtmlCacheBehavior [ RunTime:0.000116s ]
INFO: [ view_filter ] --END-- [ RunTime:0.000152s ]
INFO: [ app_end ] --START--
INFO: Run Behavior\ShowPageTraceBehavior [ RunTime:0.000329s ]
INFO: [ app_end ] --END-- [ RunTime:0.000361s ]

[ 2017-09-22T09:38:24+08:00 ] 124.235.153.58 /index.php/Admin/admin
INFO: [ app_init ] --START--
INFO: Run Behavior\BuildLiteBehavior [ RunTime:0.000014s ]
INFO: [ app_init ] --END-- [ RunTime:0.000253s ]
INFO: [ app_begin ] --START--
INFO: Run Behavior\ReadHtmlCacheBehavior [ RunTime:0.000266s ]
INFO: [ app_begin ] --END-- [ RunTime:0.000297s ]
INFO: [ view_parse ] --START--
INFO: [ template_filter ] --START--
INFO: Run Behavior\ContentReplaceBehavior [ RunTime:0.000035s ]
INFO: [ template_filter ] --END-- [ RunTime:0.000083s ]
INFO: Run Behavior\ParseTemplateBehavior [ RunTime:0.003510s ]
INFO: [ view_parse ] --END-- [ RunTime:0.003546s ]
INFO: [ view_filter ] --START--
INFO: Run Behavior\WriteHtmlCacheBehavior [ RunTime:0.000098s ]
INFO: [ view_filter ] --END-- [ RunTime:0.000127s ]
INFO: [ app_end ] --START--
INFO: Run Behavior\ShowPageTraceBehavior [ RunTime:0.000275s ]
INFO: [ app_end ] --END-- [ RunTime:0.000309s ]

[ 2017-09-22T09:38:44+08:00 ] 124.235.153.58 /index.php/Admin/casher
INFO: [ app_init ] --START--
INFO: Run Behavior\BuildLiteBehavior [ RunTime:0.000010s ]
INFO: [ app_init ] --END-- [ RunTime:0.000234s ]
INFO: [ app_begin ] --START--
INFO: Run Behavior\ReadHtmlCacheBehavior [ RunTime:0.000260s ]
INFO: [ app_begin ] --END-- [ RunTime:0.000291s ]
ERR: 无法加载控制器:Casher

[ 2017-09-22T09:38:47+08:00 ] 124.235.153.58 /index.php/Admin/cashier
INFO: [ app_init ] --START--
INFO: Run Behavior\BuildLiteBehavior [ RunTime:0.000010s ]
INFO: [ app_init ] --END-- [ RunTime:0.000262s ]
INFO: [ app_begin ] --START--
INFO: Run Behavior\ReadHtmlCacheBehavior [ RunTime:0.000266s ]
INFO: [ app_begin ] --END-- [ RunTime:0.000296s ]
INFO: [ view_parse ] --START--
INFO: [ template_filter ] --START--
INFO: Run Behavior\ContentReplaceBehavior [ RunTime:0.000027s ]
INFO: [ template_filter ] --END-- [ RunTime:0.000058s ]
INFO: Run Behavior\ParseTemplateBehavior [ RunTime:0.002927s ]
INFO: [ view_parse ] --END-- [ RunTime:0.002956s ]
INFO: [ view_filter ] --START--
INFO: Run Behavior\WriteHtmlCacheBehavior [ RunTime:0.000085s ]
INFO: [ view_filter ] --END-- [ RunTime:0.000106s ]
INFO: [ app_end ] --START--
INFO: Run Behavior\ShowPageTraceBehavior [ RunTime:0.000289s ]
INFO: [ app_end ] --END-- [ RunTime:0.000316s ]

[ 2017-09-22T09:38:48+08:00 ] 124.235.153.58 /index.php/Admin/cashier
INFO: [ app_init ] --START--
INFO: Run Behavior\BuildLiteBehavior [ RunTime:0.000011s ]
INFO: [ app_init ] --END-- [ RunTime:0.000242s ]
INFO: [ app_begin ] --START--
INFO: Run Behavior\ReadHtmlCacheBehavior [ RunTime:0.000246s ]
INFO: [ app_begin ] --END-- [ RunTime:0.000278s ]
INFO: [ view_parse ] --START--
INFO: [ template_filter ] --START--
INFO: Run Behavior\ContentReplaceBehavior [ RunTime:0.000029s ]
INFO: [ template_filter ] --END-- [ RunTime:0.000064s ]
INFO: Run Behavior\ParseTemplateBehavior [ RunTime:0.003129s ]
INFO: [ view_parse ] --END-- [ RunTime:0.003158s ]
INFO: [ view_filter ] --START--
INFO: Run Behavior\WriteHtmlCacheBehavior [ RunTime:0.000084s ]
INFO: [ view_filter ] --END-- [ RunTime:0.000107s ]
INFO: [ app_end ] --START--
INFO: Run Behavior\ShowPageTraceBehavior [ RunTime:0.000307s ]
INFO: [ app_end ] --END-- [ RunTime:0.000334s ]

[ 2017-09-22T09:39:06+08:00 ] 124.235.153.58 /index.php/Admin/Cashier/orderIndex/sid/0000000001/sys_user_openid/1237.html
INFO: [ app_init ] --START--
INFO: Run Behavior\BuildLiteBehavior [ RunTime:0.000016s ]
INFO: [ app_init ] --END-- [ RunTime:0.000351s ]
INFO: [ app_begin ] --START--
INFO: Run Behavior\ReadHtmlCacheBehavior [ RunTime:0.000385s ]
INFO: [ app_begin ] --END-- [ RunTime:0.000428s ]
INFO: [ view_parse ] --START--
INFO: [ template_filter ] --START--
INFO: Run Behavior\ContentReplaceBehavior [ RunTime:0.000047s ]
INFO: [ template_filter ] --END-- [ RunTime:0.000095s ]
INFO: Run Behavior\ParseTemplateBehavior [ RunTime:0.004923s ]
INFO: [ view_parse ] --END-- [ RunTime:0.004965s ]
INFO: [ view_filter ] --START--
INFO: Run Behavior\WriteHtmlCacheBehavior [ RunTime:0.000111s ]
INFO: [ view_filter ] --END-- [ RunTime:0.000145s ]
INFO: [ app_end ] --START--
INFO: Run Behavior\ShowPageTraceBehavior [ RunTime:0.000447s ]
INFO: [ app_end ] --END-- [ RunTime:0.000499s ]

[ 2017-09-22T09:39:33+08:00 ] 124.235.153.58 /index.php/Admin/Cashier/orderConfirm.html
INFO: [ app_init ] --START--
INFO: Run Behavior\BuildLiteBehavior [ RunTime:0.000010s ]
INFO: [ app_init ] --END-- [ RunTime:0.000227s ]
INFO: [ app_begin ] --START--
INFO: Run Behavior\ReadHtmlCacheBehavior [ RunTime:0.000260s ]
INFO: [ app_begin ] --END-- [ RunTime:0.000291s ]
INFO: [ view_parse ] --START--
INFO: [ template_filter ] --START--
INFO: Run Behavior\ContentReplaceBehavior [ RunTime:0.000036s ]
INFO: [ template_filter ] --END-- [ RunTime:0.000099s ]
INFO: Run Behavior\ParseTemplateBehavior [ RunTime:0.004353s ]
INFO: [ view_parse ] --END-- [ RunTime:0.004383s ]
INFO: [ view_filter ] --START--
INFO: Run Behavior\WriteHtmlCacheBehavior [ RunTime:0.000118s ]
INFO: [ view_filter ] --END-- [ RunTime:0.000142s ]
INFO: [ app_end ] --START--
INFO: Run Behavior\ShowPageTraceBehavior [ RunTime:0.000272s ]
INFO: [ app_end ] --END-- [ RunTime:0.000300s ]

[ 2017-09-22T09:40:39+08:00 ] 124.235.153.58 /index.php/Admin/Waiter/index.php
INFO: [ app_init ] --START--
INFO: Run Behavior\BuildLiteBehavior [ RunTime:0.000011s ]
INFO: [ app_init ] --END-- [ RunTime:0.000244s ]
INFO: [ app_begin ] --START--
INFO: Run Behavior\ReadHtmlCacheBehavior [ RunTime:0.000251s ]
INFO: [ app_begin ] --END-- [ RunTime:0.000285s ]
ERR: 非法操作:index.php

[ 2017-09-22T09:40:45+08:00 ] 124.235.153.58 /index.php/Admin/Waiter
INFO: [ app_init ] --START--
INFO: Run Behavior\BuildLiteBehavior [ RunTime:0.000012s ]
INFO: [ app_init ] --END-- [ RunTime:0.000239s ]
INFO: [ app_begin ] --START--
INFO: Run Behavior\ReadHtmlCacheBehavior [ RunTime:0.000249s ]
INFO: [ app_begin ] --END-- [ RunTime:0.000279s ]

[ 2017-09-22T09:40:46+08:00 ] 124.235.153.58 /index.php/Admin/Waiter?code=071z60j30G0CwF1srYg30hnNi30z60jH&state=STATE
INFO: [ app_init ] --START--
INFO: Run Behavior\BuildLiteBehavior [ RunTime:0.000011s ]
INFO: [ app_init ] --END-- [ RunTime:0.000230s ]
INFO: [ app_begin ] --START--
INFO: Run Behavior\ReadHtmlCacheBehavior [ RunTime:0.000253s ]
INFO: [ app_begin ] --END-- [ RunTime:0.000283s ]
NOTIC: [8] Undefined property: WxPayJsApi::$curl_timeout /var/www/xhy/ThinkPHP/Library/Vendor/WxpayAPI/example/WxPayJsApi.php 第 99 行.
INFO: [ view_parse ] --START--
INFO: [ template_filter ] --START--
INFO: Run Behavior\ContentReplaceBehavior [ RunTime:0.000038s ]
INFO: [ template_filter ] --END-- [ RunTime:0.000083s ]
INFO: Run Behavior\ParseTemplateBehavior [ RunTime:0.004223s ]
INFO: [ view_parse ] --END-- [ RunTime:0.004277s ]
INFO: [ view_filter ] --START--
INFO: Run Behavior\WriteHtmlCacheBehavior [ RunTime:0.000094s ]
INFO: [ view_filter ] --END-- [ RunTime:0.000120s ]
INFO: [ app_end ] --START--
INFO: Run Behavior\ShowPageTraceBehavior [ RunTime:0.000326s ]
INFO: [ app_end ] --END-- [ RunTime:0.000358s ]

[ 2017-09-22T09:40:52+08:00 ] 124.235.153.58 /index.php/Admin/Waiter/getNumber/sid/0000000001/openid/oGcQ7wTdkUrYqYhxVSjYFpjd6wRo.html
INFO: [ app_init ] --START--
INFO: Run Behavior\BuildLiteBehavior [ RunTime:0.000013s ]
INFO: [ app_init ] --END-- [ RunTime:0.000260s ]
INFO: [ app_begin ] --START--
INFO: Run Behavior\ReadHtmlCacheBehavior [ RunTime:0.000252s ]
INFO: [ app_begin ] --END-- [ RunTime:0.000710s ]
SQL: SHOW COLUMNS FROM `store_info` [ RunTime:0.0008s ]
SQL: SHOW COLUMNS FROM `sys_user` [ RunTime:0.0006s ]
SQL: SELECT `sys_user_openid` FROM `sys_user` WHERE `sys_user_openid` = 'oGcQ7wTdkUrYqYhxVSjYFpjd6wRo' AND `sid` = '0000000001' LIMIT 1   [ RunTime:0.0003s ]
SQL: SELECT `sid`,`address`,`telephone`,`province`,`city`,`district` FROM `store_info` WHERE `sid` = '0000000001'  [ RunTime:0.0003s ]
INFO: [ view_parse ] --START--
INFO: [ template_filter ] --START--
INFO: Run Behavior\ContentReplaceBehavior [ RunTime:0.000043s ]
INFO: [ template_filter ] --END-- [ RunTime:0.000078s ]
INFO: Run Behavior\ParseTemplateBehavior [ RunTime:0.004979s ]
INFO: [ view_parse ] --END-- [ RunTime:0.005011s ]
INFO: [ view_filter ] --START--
INFO: Run Behavior\WriteHtmlCacheBehavior [ RunTime:0.000090s ]
INFO: [ view_filter ] --END-- [ RunTime:0.000121s ]
INFO: [ app_end ] --START--
INFO: Run Behavior\ShowPageTraceBehavior [ RunTime:0.000298s ]
INFO: [ app_end ] --END-- [ RunTime:0.000326s ]

[ 2017-09-22T09:41:14+08:00 ] 124.235.153.58 /index.php/Admin/Waiter/saveNumber.html
INFO: [ app_init ] --START--
INFO: Run Behavior\BuildLiteBehavior [ RunTime:0.000012s ]
INFO: [ app_init ] --END-- [ RunTime:0.000281s ]
INFO: [ app_begin ] --START--
INFO: Run Behavior\ReadHtmlCacheBehavior [ RunTime:0.000271s ]
INFO: [ app_begin ] --END-- [ RunTime:0.000306s ]
SQL: SHOW COLUMNS FROM `queue_number` [ RunTime:0.0008s ]
SQL: SELECT `queue_id`,date_format(max(start_time),"20%y%m%d") as maxtime,`start_time` FROM `queue_number` GROUP BY start_time ORDER BY start_time desc LIMIT 1   [ RunTime:0.0003s ]
SQL: SELECT count(1) as countCode FROM `queue_number` WHERE ( state = 0  and substr(start_time,1,10)=substr(now(),1,10) and sid ="0000000001" and start_time <= "2017-09-22 09:41:14" )  [ RunTime:0.0005s ]
SQL: SELECT `table_type`,count(queue_id) as num FROM `queue_number` WHERE ( state = 0  and substr(start_time,1,10)=substr(now(),1,10) and sid ="0000000001"  and table_type = "2" ) GROUP BY table_type  [ RunTime:0.0004s ]
NOTIC: [8] Undefined offset: 0 /var/www/xhy/Application/Admin/Controller/WaiterController.class.php 第 129 行.
SQL: SELECT max(start_time) FROM `queue_number` WHERE ( openid= "oGcQ7wTdkUrYqYhxVSjYFpjd6wRo" )  [ RunTime:0.0003s ]
ERR: 1064:You have an error in your SQL syntax; check the manual that corresponds to your MySQL server version for the right syntax to use near '*10 when table_type= 2 then *15 when table_type=3
                        then ' at line 1
 [ SQL语句 ] : SELECT distinct (case when table_type= 1 then *10 when table_type= 2 then *15 when table_type=3
                        then *20 when table_type=4 then *30 else 0 end ) as waitingtime FROM `queue_number` WHERE ( state = 0  and sid="0000000001" and table_type ="2" and now() > "2017-09-21 09:17:10" ) LIMIT 1  
ERR: 1064:You have an error in your SQL syntax; check the manual that corresponds to your MySQL server version for the right syntax to use near '*10 when table_type= 2 then *15 when table_type=3
                        then ' at line 1
 [ SQL语句 ] : SELECT distinct (case when table_type= 1 then *10 when table_type= 2 then *15 when table_type=3
                        then *20 when table_type=4 then *30 else 0 end ) as waitingtime FROM `queue_number` WHERE ( state = 0  and sid="0000000001" and table_type ="2" and now() > "2017-09-21 09:17:10" ) LIMIT 1  

[ 2017-09-22T09:41:18+08:00 ] 124.235.153.58 /index.php/Admin/Waiter/checkTel.html?tel=17711111111&sid=0000000001
INFO: [ app_init ] --START--
INFO: Run Behavior\BuildLiteBehavior [ RunTime:0.000011s ]
INFO: [ app_init ] --END-- [ RunTime:0.000246s ]
INFO: [ app_begin ] --START--
INFO: Run Behavior\ReadHtmlCacheBehavior [ RunTime:0.000250s ]
INFO: [ app_begin ] --END-- [ RunTime:0.000277s ]
SQL: SHOW COLUMNS FROM `queue_number` [ RunTime:0.0008s ]
SQL: SELECT * FROM `queue_number` WHERE ( phone_number ="17711111111" and sid ="0000000001" and state=0 and start_time >=" 2017-09-22 00:00:00" )  [ RunTime:0.0005s ]

[ 2017-09-22T09:41:55+08:00 ] 124.235.153.58 /index.php/Admin/Admin/
INFO: [ app_init ] --START--
INFO: Run Behavior\BuildLiteBehavior [ RunTime:0.000012s ]
INFO: [ app_init ] --END-- [ RunTime:0.000397s ]
INFO: [ app_begin ] --START--
INFO: Run Behavior\ReadHtmlCacheBehavior [ RunTime:0.000288s ]
INFO: [ app_begin ] --END-- [ RunTime:0.000324s ]
INFO: [ view_parse ] --START--
INFO: [ template_filter ] --START--
INFO: Run Behavior\ContentReplaceBehavior [ RunTime:0.000039s ]
INFO: [ template_filter ] --END-- [ RunTime:0.000078s ]
INFO: Run Behavior\ParseTemplateBehavior [ RunTime:0.003935s ]
INFO: [ view_parse ] --END-- [ RunTime:0.003978s ]
INFO: [ view_filter ] --START--
INFO: Run Behavior\WriteHtmlCacheBehavior [ RunTime:0.000119s ]
INFO: [ view_filter ] --END-- [ RunTime:0.000144s ]
INFO: [ app_end ] --START--
INFO: Run Behavior\ShowPageTraceBehavior [ RunTime:0.000291s ]
INFO: [ app_end ] --END-- [ RunTime:0.000321s ]

[ 2017-09-22T09:42:03+08:00 ] 124.235.153.58 /index.php/Admin/Admin/
INFO: [ app_init ] --START--
INFO: Run Behavior\BuildLiteBehavior [ RunTime:0.000019s ]
INFO: [ app_init ] --END-- [ RunTime:0.000267s ]
INFO: [ app_begin ] --START--
INFO: Run Behavior\ReadHtmlCacheBehavior [ RunTime:0.000305s ]
INFO: [ app_begin ] --END-- [ RunTime:0.000347s ]
INFO: [ view_parse ] --START--
INFO: [ template_filter ] --START--
INFO: Run Behavior\ContentReplaceBehavior [ RunTime:0.000034s ]
INFO: [ template_filter ] --END-- [ RunTime:0.000070s ]
INFO: Run Behavior\ParseTemplateBehavior [ RunTime:0.003767s ]
INFO: [ view_parse ] --END-- [ RunTime:0.003797s ]
INFO: [ view_filter ] --START--
INFO: Run Behavior\WriteHtmlCacheBehavior [ RunTime:0.000087s ]
INFO: [ view_filter ] --END-- [ RunTime:0.000111s ]
INFO: [ app_end ] --START--
INFO: Run Behavior\ShowPageTraceBehavior [ RunTime:0.000270s ]
INFO: [ app_end ] --END-- [ RunTime:0.000297s ]

[ 2017-09-22T09:49:52+08:00 ] 124.235.153.58 /index.php/Admin/Admin/admin/sid/0000000001.html
INFO: [ app_init ] --START--
INFO: Run Behavior\BuildLiteBehavior [ RunTime:0.000013s ]
INFO: [ app_init ] --END-- [ RunTime:0.000284s ]
INFO: [ app_begin ] --START--
INFO: Run Behavior\ReadHtmlCacheBehavior [ RunTime:0.000325s ]
INFO: [ app_begin ] --END-- [ RunTime:0.000360s ]
NOTIC: [8] Undefined index: keywords /var/www/xhy/Application/Admin/Controller/AdminController.class.php 第 51 行.
SQL: SHOW COLUMNS FROM `sys_user` [ RunTime:0.0008s ]
SQL: SELECT p.*,c.* FROM sys_user as p INNER JOIN user_permission c ON p.sid=c.sid AND p.sys_user_level=c.sys_user_level  WHERE ( p.sid = "0000000001" ) ORDER BY p.sys_user_openid desc  [ RunTime:0.0005s ]
INFO: [ view_parse ] --START--
INFO: [ template_filter ] --START--
INFO: Run Behavior\ContentReplaceBehavior [ RunTime:0.000033s ]
INFO: [ template_filter ] --END-- [ RunTime:0.000063s ]
INFO: Run Behavior\ParseTemplateBehavior [ RunTime:0.004030s ]
INFO: [ view_parse ] --END-- [ RunTime:0.004066s ]
INFO: [ view_filter ] --START--
INFO: Run Behavior\WriteHtmlCacheBehavior [ RunTime:0.000090s ]
INFO: [ view_filter ] --END-- [ RunTime:0.000113s ]
INFO: [ app_end ] --START--
INFO: Run Behavior\ShowPageTraceBehavior [ RunTime:0.000330s ]
INFO: [ app_end ] --END-- [ RunTime:0.000357s ]

[ 2017-09-22T09:49:55+08:00 ] 124.235.153.58 /index.php/Admin/Waiter/
INFO: [ app_init ] --START--
INFO: Run Behavior\BuildLiteBehavior [ RunTime:0.000013s ]
INFO: [ app_init ] --END-- [ RunTime:0.000268s ]
INFO: [ app_begin ] --START--
INFO: Run Behavior\ReadHtmlCacheBehavior [ RunTime:0.000259s ]
INFO: [ app_begin ] --END-- [ RunTime:0.000292s ]

[ 2017-09-22T09:49:56+08:00 ] 124.235.153.58 /index.php/Admin/Waiter/?code=011bPkkK0ARpl42cg2hK0g6kkK0bPkkB&state=STATE
INFO: [ app_init ] --START--
INFO: Run Behavior\BuildLiteBehavior [ RunTime:0.000011s ]
INFO: [ app_init ] --END-- [ RunTime:0.000242s ]
INFO: [ app_begin ] --START--
INFO: Run Behavior\ReadHtmlCacheBehavior [ RunTime:0.000244s ]
INFO: [ app_begin ] --END-- [ RunTime:0.000274s ]
NOTIC: [8] Undefined property: WxPayJsApi::$curl_timeout /var/www/xhy/ThinkPHP/Library/Vendor/WxpayAPI/example/WxPayJsApi.php 第 99 行.
INFO: [ view_parse ] --START--
INFO: [ template_filter ] --START--
INFO: Run Behavior\ContentReplaceBehavior [ RunTime:0.000037s ]
INFO: [ template_filter ] --END-- [ RunTime:0.000083s ]
INFO: Run Behavior\ParseTemplateBehavior [ RunTime:0.003503s ]
INFO: [ view_parse ] --END-- [ RunTime:0.003547s ]
INFO: [ view_filter ] --START--
INFO: Run Behavior\WriteHtmlCacheBehavior [ RunTime:0.000089s ]
INFO: [ view_filter ] --END-- [ RunTime:0.000111s ]
INFO: [ app_end ] --START--
INFO: Run Behavior\ShowPageTraceBehavior [ RunTime:0.000290s ]
INFO: [ app_end ] --END-- [ RunTime:0.000316s ]

[ 2017-09-22T09:50:01+08:00 ] 124.235.153.58 /index.php/Admin/Waiter/getNumber/sid/0000000001/openid/oGcQ7wTdkUrYqYhxVSjYFpjd6wRo.html
INFO: [ app_init ] --START--
INFO: Run Behavior\BuildLiteBehavior [ RunTime:0.000010s ]
INFO: [ app_init ] --END-- [ RunTime:0.000235s ]
INFO: [ app_begin ] --START--
INFO: Run Behavior\ReadHtmlCacheBehavior [ RunTime:0.000245s ]
INFO: [ app_begin ] --END-- [ RunTime:0.000276s ]
SQL: SHOW COLUMNS FROM `store_info` [ RunTime:0.0008s ]
SQL: SHOW COLUMNS FROM `sys_user` [ RunTime:0.0006s ]
SQL: SELECT `sys_user_openid` FROM `sys_user` WHERE `sys_user_openid` = 'oGcQ7wTdkUrYqYhxVSjYFpjd6wRo' AND `sid` = '0000000001' LIMIT 1   [ RunTime:0.0003s ]
SQL: SELECT `sid`,`address`,`telephone`,`province`,`city`,`district` FROM `store_info` WHERE `sid` = '0000000001'  [ RunTime:0.0003s ]
INFO: [ view_parse ] --START--
INFO: [ template_filter ] --START--
INFO: Run Behavior\ContentReplaceBehavior [ RunTime:0.000064s ]
INFO: [ template_filter ] --END-- [ RunTime:0.000122s ]
INFO: Run Behavior\ParseTemplateBehavior [ RunTime:0.005361s ]
INFO: [ view_parse ] --END-- [ RunTime:0.005404s ]
INFO: [ view_filter ] --START--
INFO: Run Behavior\WriteHtmlCacheBehavior [ RunTime:0.000100s ]
INFO: [ view_filter ] --END-- [ RunTime:0.000124s ]
INFO: [ app_end ] --START--
INFO: Run Behavior\ShowPageTraceBehavior [ RunTime:0.000296s ]
INFO: [ app_end ] --END-- [ RunTime:0.000327s ]

[ 2017-09-22T09:50:17+08:00 ] 124.235.153.58 /index.php/Admin/Waiter/checkTel.html?tel=13322220000&sid=0000000001
INFO: [ app_init ] --START--
INFO: Run Behavior\BuildLiteBehavior [ RunTime:0.000013s ]
INFO: [ app_init ] --END-- [ RunTime:0.000452s ]
INFO: [ app_begin ] --START--
INFO: Run Behavior\ReadHtmlCacheBehavior [ RunTime:0.000328s ]
INFO: [ app_begin ] --END-- [ RunTime:0.000361s ]
SQL: SHOW COLUMNS FROM `queue_number` [ RunTime:0.0009s ]
SQL: SELECT * FROM `queue_number` WHERE ( phone_number ="13322220000" and sid ="0000000001" and state=0 and start_time >=" 2017-09-22 00:00:00" )  [ RunTime:0.0005s ]

[ 2017-09-22T09:50:29+08:00 ] 124.235.153.58 /index.php/Admin/Waiter/saveNumber.html
INFO: [ app_init ] --START--
INFO: Run Behavior\BuildLiteBehavior [ RunTime:0.000012s ]
INFO: [ app_init ] --END-- [ RunTime:0.000269s ]
INFO: [ app_begin ] --START--
INFO: Run Behavior\ReadHtmlCacheBehavior [ RunTime:0.000288s ]
INFO: [ app_begin ] --END-- [ RunTime:0.000322s ]
SQL: SHOW COLUMNS FROM `queue_number` [ RunTime:0.0008s ]
SQL: SELECT `queue_id`,date_format(max(start_time),"20%y%m%d") as maxtime,`start_time` FROM `queue_number` GROUP BY start_time ORDER BY start_time desc LIMIT 1   [ RunTime:0.0003s ]
SQL: SELECT count(1) as countCode FROM `queue_number` WHERE ( state = 0  and substr(start_time,1,10)=substr(now(),1,10) and sid ="0000000001" and start_time <= "2017-09-22 09:50:29" )  [ RunTime:0.0006s ]
SQL: SELECT `table_type`,count(queue_id) as num FROM `queue_number` WHERE ( state = 0  and substr(start_time,1,10)=substr(now(),1,10) and sid ="0000000001"  and table_type = "3" ) GROUP BY table_type  [ RunTime:0.0006s ]
NOTIC: [8] Undefined offset: 0 /var/www/xhy/Application/Admin/Controller/WaiterController.class.php 第 129 行.
SQL: SELECT max(start_time) FROM `queue_number` WHERE ( openid= "oGcQ7wTdkUrYqYhxVSjYFpjd6wRo" )  [ RunTime:0.0003s ]
ERR: 1064:You have an error in your SQL syntax; check the manual that corresponds to your MySQL server version for the right syntax to use near '*10 when table_type= 2 then *15 when table_type=3
                        then ' at line 1
 [ SQL语句 ] : SELECT distinct (case when table_type= 1 then *10 when table_type= 2 then *15 when table_type=3
                        then *20 when table_type=4 then *30 else 0 end ) as waitingtime FROM `queue_number` WHERE ( state = 0  and sid="0000000001" and table_type ="3" and now() > "2017-09-21 09:17:10" ) LIMIT 1  
ERR: 1064:You have an error in your SQL syntax; check the manual that corresponds to your MySQL server version for the right syntax to use near '*10 when table_type= 2 then *15 when table_type=3
                        then ' at line 1
 [ SQL语句 ] : SELECT distinct (case when table_type= 1 then *10 when table_type= 2 then *15 when table_type=3
                        then *20 when table_type=4 then *30 else 0 end ) as waitingtime FROM `queue_number` WHERE ( state = 0  and sid="0000000001" and table_type ="3" and now() > "2017-09-21 09:17:10" ) LIMIT 1  

[ 2017-09-22T09:50:33+08:00 ] 124.235.153.58 /index.php/Admin/Waiter/checkTel.html?tel=13322220000&sid=0000000001
INFO: [ app_init ] --START--
INFO: Run Behavior\BuildLiteBehavior [ RunTime:0.000011s ]
INFO: [ app_init ] --END-- [ RunTime:0.000381s ]
INFO: [ app_begin ] --START--
INFO: Run Behavior\ReadHtmlCacheBehavior [ RunTime:0.000329s ]
INFO: [ app_begin ] --END-- [ RunTime:0.000367s ]
SQL: SHOW COLUMNS FROM `queue_number` [ RunTime:0.0009s ]
SQL: SELECT * FROM `queue_number` WHERE ( phone_number ="13322220000" and sid ="0000000001" and state=0 and start_time >=" 2017-09-22 00:00:00" )  [ RunTime:0.0003s ]

[ 2017-09-22T09:51:35+08:00 ] 124.235.153.58 /index.php/Admin/Waiter/
INFO: [ app_init ] --START--
INFO: Run Behavior\BuildLiteBehavior [ RunTime:0.000016s ]
INFO: [ app_init ] --END-- [ RunTime:0.000266s ]
INFO: [ app_begin ] --START--
INFO: Run Behavior\ReadHtmlCacheBehavior [ RunTime:0.000289s ]
INFO: [ app_begin ] --END-- [ RunTime:0.000330s ]

[ 2017-09-22T09:51:36+08:00 ] 124.235.153.58 /index.php/Admin/Waiter/?code=061AU3ph08qJhA1g5Pph0hteph0AU3p4&state=STATE
INFO: [ app_init ] --START--
INFO: Run Behavior\BuildLiteBehavior [ RunTime:0.000011s ]
INFO: [ app_init ] --END-- [ RunTime:0.000241s ]
INFO: [ app_begin ] --START--
INFO: Run Behavior\ReadHtmlCacheBehavior [ RunTime:0.000285s ]
INFO: [ app_begin ] --END-- [ RunTime:0.000317s ]
NOTIC: [8] Undefined property: WxPayJsApi::$curl_timeout /var/www/xhy/ThinkPHP/Library/Vendor/WxpayAPI/example/WxPayJsApi.php 第 99 行.
INFO: [ view_parse ] --START--
INFO: [ template_filter ] --START--
INFO: Run Behavior\ContentReplaceBehavior [ RunTime:0.000037s ]
INFO: [ template_filter ] --END-- [ RunTime:0.000081s ]
INFO: Run Behavior\ParseTemplateBehavior [ RunTime:0.003658s ]
INFO: [ view_parse ] --END-- [ RunTime:0.003708s ]
INFO: [ view_filter ] --START--
INFO: Run Behavior\WriteHtmlCacheBehavior [ RunTime:0.000088s ]
INFO: [ view_filter ] --END-- [ RunTime:0.000114s ]
INFO: [ app_end ] --START--
INFO: Run Behavior\ShowPageTraceBehavior [ RunTime:0.000331s ]
INFO: [ app_end ] --END-- [ RunTime:0.000362s ]

[ 2017-09-22T09:51:43+08:00 ] 124.235.153.58 /index.php/Admin/Waiter/getNumber/sid/0000000001/openid/oGcQ7wTdkUrYqYhxVSjYFpjd6wRo.html
INFO: [ app_init ] --START--
INFO: Run Behavior\BuildLiteBehavior [ RunTime:0.000012s ]
INFO: [ app_init ] --END-- [ RunTime:0.000234s ]
INFO: [ app_begin ] --START--
INFO: Run Behavior\ReadHtmlCacheBehavior [ RunTime:0.000270s ]
INFO: [ app_begin ] --END-- [ RunTime:0.000301s ]
SQL: SHOW COLUMNS FROM `store_info` [ RunTime:0.0011s ]
SQL: SHOW COLUMNS FROM `sys_user` [ RunTime:0.0008s ]
SQL: SELECT `sys_user_openid` FROM `sys_user` WHERE `sys_user_openid` = 'oGcQ7wTdkUrYqYhxVSjYFpjd6wRo' AND `sid` = '0000000001' LIMIT 1   [ RunTime:0.0003s ]
SQL: SELECT `sid`,`address`,`telephone`,`province`,`city`,`district` FROM `store_info` WHERE `sid` = '0000000001'  [ RunTime:0.0003s ]
INFO: [ view_parse ] --START--
INFO: [ template_filter ] --START--
INFO: Run Behavior\ContentReplaceBehavior [ RunTime:0.000068s ]
INFO: [ template_filter ] --END-- [ RunTime:0.000114s ]
INFO: Run Behavior\ParseTemplateBehavior [ RunTime:0.006611s ]
INFO: [ view_parse ] --END-- [ RunTime:0.006656s ]
INFO: [ view_filter ] --START--
INFO: Run Behavior\WriteHtmlCacheBehavior [ RunTime:0.000114s ]
INFO: [ view_filter ] --END-- [ RunTime:0.000150s ]
INFO: [ app_end ] --START--
INFO: Run Behavior\ShowPageTraceBehavior [ RunTime:0.000322s ]
INFO: [ app_end ] --END-- [ RunTime:0.000357s ]

[ 2017-09-22T09:56:42+08:00 ] 124.235.153.58 /index.php/Admin/Waiter/getNumber/sid/0000000001/openid/oGcQ7wTdkUrYqYhxVSjYFpjd6wRo.html
INFO: [ app_init ] --START--
INFO: Run Behavior\BuildLiteBehavior [ RunTime:0.000014s ]
INFO: [ app_init ] --END-- [ RunTime:0.000439s ]
INFO: [ app_begin ] --START--
INFO: Run Behavior\ReadHtmlCacheBehavior [ RunTime:0.000422s ]
INFO: [ app_begin ] --END-- [ RunTime:0.000457s ]
SQL: SHOW COLUMNS FROM `store_info` [ RunTime:0.0010s ]
SQL: SHOW COLUMNS FROM `sys_user` [ RunTime:0.0006s ]
SQL: SELECT `sys_user_openid` FROM `sys_user` WHERE `sys_user_openid` = 'oGcQ7wTdkUrYqYhxVSjYFpjd6wRo' AND `sid` = '0000000001' LIMIT 1   [ RunTime:0.0004s ]
SQL: SELECT `sid`,`address`,`telephone`,`province`,`city`,`district` FROM `store_info` WHERE `sid` = '0000000001'  [ RunTime:0.0004s ]
INFO: [ view_parse ] --START--
INFO: [ template_filter ] --START--
INFO: Run Behavior\ContentReplaceBehavior [ RunTime:0.000054s ]
INFO: [ template_filter ] --END-- [ RunTime:0.000139s ]
INFO: Run Behavior\ParseTemplateBehavior [ RunTime:0.005779s ]
INFO: [ view_parse ] --END-- [ RunTime:0.005818s ]
INFO: [ view_filter ] --START--
INFO: Run Behavior\WriteHtmlCacheBehavior [ RunTime:0.000103s ]
INFO: [ view_filter ] --END-- [ RunTime:0.000134s ]
INFO: [ app_end ] --START--
INFO: Run Behavior\ShowPageTraceBehavior [ RunTime:0.000358s ]
INFO: [ app_end ] --END-- [ RunTime:0.000397s ]

[ 2017-09-22T09:58:12+08:00 ] 124.235.153.58 /index.php/Admin/Waiter/saveNumber.html
INFO: [ app_init ] --START--
INFO: Run Behavior\BuildLiteBehavior [ RunTime:0.000013s ]
INFO: [ app_init ] --END-- [ RunTime:0.000289s ]
INFO: [ app_begin ] --START--
INFO: Run Behavior\ReadHtmlCacheBehavior [ RunTime:0.000261s ]
INFO: [ app_begin ] --END-- [ RunTime:0.000294s ]
SQL: SHOW COLUMNS FROM `queue_number` [ RunTime:0.0008s ]
SQL: SELECT `queue_id`,date_format(max(start_time),"20%y%m%d") as maxtime,`start_time` FROM `queue_number` GROUP BY start_time ORDER BY start_time desc LIMIT 1   [ RunTime:0.0013s ]
SQL: SELECT * FROM `queue_number` WHERE `queue_id` = '201709220001'  [ RunTime:0.0006s ]
SQL: INSERT INTO `queue_number` (`queue_id`,`sid`,`phone_number`,`openid`,`person_count`,`table_type`,`start_time`,`state`) VALUES ('201709220001','0000000001','13312121212','oGcQ7wTdkUrYqYhxVSjYFpjd6wRo','6','3','2017-09-22 09:58:11','0') [ RunTime:0.0005s ]
SQL: SELECT count(1) as countCode FROM `queue_number` WHERE ( state = 0  and substr(start_time,1,10)=substr(now(),1,10) and sid ="0000000001" and start_time <= "2017-09-22 09:58:11" )  [ RunTime:0.0005s ]
SQL: SELECT `table_type`,count(queue_id) as num FROM `queue_number` WHERE ( state = 0  and substr(start_time,1,10)=substr(now(),1,10) and sid ="0000000001"  and table_type = "3" ) GROUP BY table_type  [ RunTime:0.0004s ]
SQL: SELECT max(start_time) FROM `queue_number` WHERE ( openid= "oGcQ7wTdkUrYqYhxVSjYFpjd6wRo" )  [ RunTime:0.0004s ]
SQL: SELECT distinct (case when table_type= 1 then 0*10 when table_type= 2 then 0*15 when table_type=3
                        then 0*20 when table_type=4 then 0*30 else 0 end ) as waitingtime FROM `queue_number` WHERE ( state = 0  and sid="0000000001" and table_type ="3" and now() > "2017-09-22 09:58:11" ) LIMIT 1   [ RunTime:0.0004s ]
INFO: [ view_parse ] --START--
INFO: [ template_filter ] --START--
INFO: Run Behavior\ContentReplaceBehavior [ RunTime:0.000042s ]
INFO: [ template_filter ] --END-- [ RunTime:0.000077s ]
INFO: Run Behavior\ParseTemplateBehavior [ RunTime:0.004201s ]
INFO: [ view_parse ] --END-- [ RunTime:0.004232s ]
INFO: [ view_filter ] --START--
INFO: Run Behavior\WriteHtmlCacheBehavior [ RunTime:0.000107s ]
INFO: [ view_filter ] --END-- [ RunTime:0.000130s ]
INFO: [ app_end ] --START--
INFO: Run Behavior\ShowPageTraceBehavior [ RunTime:0.000310s ]
INFO: [ app_end ] --END-- [ RunTime:0.000347s ]

[ 2017-09-22T09:58:15+08:00 ] 124.235.153.58 /index.php/Admin/Waiter/checkTel.html?tel=13312121212&sid=0000000001
INFO: [ app_init ] --START--
INFO: Run Behavior\BuildLiteBehavior [ RunTime:0.000010s ]
INFO: [ app_init ] --END-- [ RunTime:0.000226s ]
INFO: [ app_begin ] --START--
INFO: Run Behavior\ReadHtmlCacheBehavior [ RunTime:0.004202s ]
INFO: [ app_begin ] --END-- [ RunTime:0.004240s ]
SQL: SHOW COLUMNS FROM `queue_number` [ RunTime:0.0008s ]
SQL: SELECT * FROM `queue_number` WHERE ( phone_number ="13312121212" and sid ="0000000001" and state=0 and start_time >=" 2017-09-22 00:00:00" )  [ RunTime:0.0009s ]

[ 2017-09-22T10:01:26+08:00 ] 124.235.153.58 /index.php/Admin/Admin/admin/sid/0000000001.html
INFO: [ app_init ] --START--
INFO: Run Behavior\BuildLiteBehavior [ RunTime:0.000017s ]
INFO: [ app_init ] --END-- [ RunTime:0.000468s ]
INFO: [ app_begin ] --START--
INFO: Run Behavior\ReadHtmlCacheBehavior [ RunTime:0.000312s ]
INFO: [ app_begin ] --END-- [ RunTime:0.000349s ]
SQL: SHOW COLUMNS FROM `sys_user` [ RunTime:0.0008s ]
SQL: SELECT p.*,c.* FROM sys_user as p INNER JOIN user_permission c ON p.sid=c.sid AND p.sys_user_level=c.sys_user_level  WHERE ( p.sid = "0000000001" and p.sys_user_name like "%张%" or p.sys_user_position like "%张%" ) ORDER BY p.sys_user_openid desc  [ RunTime:0.0006s ]
INFO: [ view_parse ] --START--
INFO: [ template_filter ] --START--
INFO: Run Behavior\ContentReplaceBehavior [ RunTime:0.000042s ]
INFO: [ template_filter ] --END-- [ RunTime:0.000085s ]
INFO: Run Behavior\ParseTemplateBehavior [ RunTime:0.005634s ]
INFO: [ view_parse ] --END-- [ RunTime:0.005681s ]
INFO: [ view_filter ] --START--
INFO: Run Behavior\WriteHtmlCacheBehavior [ RunTime:0.000109s ]
INFO: [ view_filter ] --END-- [ RunTime:0.000132s ]
INFO: [ app_end ] --START--
INFO: Run Behavior\ShowPageTraceBehavior [ RunTime:0.000379s ]
INFO: [ app_end ] --END-- [ RunTime:0.000417s ]

[ 2017-09-22T10:02:04+08:00 ] 124.235.153.58 /index.php/Admin/Admin/admin/sid/0000000001.html
INFO: [ app_init ] --START--
INFO: Run Behavior\BuildLiteBehavior [ RunTime:0.000011s ]
INFO: [ app_init ] --END-- [ RunTime:0.000233s ]
INFO: [ app_begin ] --START--
INFO: Run Behavior\ReadHtmlCacheBehavior [ RunTime:0.000243s ]
INFO: [ app_begin ] --END-- [ RunTime:0.000273s ]
NOTIC: [8] Undefined index: keywords /var/www/xhy/Application/Admin/Controller/AdminController.class.php 第 51 行.
SQL: SHOW COLUMNS FROM `sys_user` [ RunTime:0.0010s ]
SQL: SELECT p.*,c.* FROM sys_user as p INNER JOIN user_permission c ON p.sid=c.sid AND p.sys_user_level=c.sys_user_level  WHERE ( p.sid = "0000000001" ) ORDER BY p.sys_user_openid desc  [ RunTime:0.0003s ]
INFO: [ view_parse ] --START--
INFO: [ template_filter ] --START--
INFO: Run Behavior\ContentReplaceBehavior [ RunTime:0.000034s ]
INFO: [ template_filter ] --END-- [ RunTime:0.000067s ]
INFO: Run Behavior\ParseTemplateBehavior [ RunTime:0.004219s ]
INFO: [ view_parse ] --END-- [ RunTime:0.004251s ]
INFO: [ view_filter ] --START--
INFO: Run Behavior\WriteHtmlCacheBehavior [ RunTime:0.000098s ]
INFO: [ view_filter ] --END-- [ RunTime:0.000126s ]
INFO: [ app_end ] --START--
INFO: Run Behavior\ShowPageTraceBehavior [ RunTime:0.000306s ]
INFO: [ app_end ] --END-- [ RunTime:0.000334s ]

[ 2017-09-22T10:02:08+08:00 ] 124.235.153.58 /index.php/Admin/Admin/
INFO: [ app_init ] --START--
INFO: Run Behavior\BuildLiteBehavior [ RunTime:0.000011s ]
INFO: [ app_init ] --END-- [ RunTime:0.000385s ]
INFO: [ app_begin ] --START--
INFO: Run Behavior\ReadHtmlCacheBehavior [ RunTime:0.000288s ]
INFO: [ app_begin ] --END-- [ RunTime:0.000327s ]
INFO: [ view_parse ] --START--
INFO: [ template_filter ] --START--
INFO: Run Behavior\ContentReplaceBehavior [ RunTime:0.000041s ]
INFO: [ template_filter ] --END-- [ RunTime:0.000080s ]
INFO: Run Behavior\ParseTemplateBehavior [ RunTime:0.003782s ]
INFO: [ view_parse ] --END-- [ RunTime:0.003823s ]
INFO: [ view_filter ] --START--
INFO: Run Behavior\WriteHtmlCacheBehavior [ RunTime:0.000092s ]
INFO: [ view_filter ] --END-- [ RunTime:0.000120s ]
INFO: [ app_end ] --START--
INFO: Run Behavior\ShowPageTraceBehavior [ RunTime:0.000305s ]
INFO: [ app_end ] --END-- [ RunTime:0.000342s ]

[ 2017-09-22T10:02:22+08:00 ] 124.235.153.58 /index.php/Admin/Admin/admin/sid/0000000001.html
INFO: [ app_init ] --START--
INFO: Run Behavior\BuildLiteBehavior [ RunTime:0.000009s ]
INFO: [ app_init ] --END-- [ RunTime:0.000223s ]
INFO: [ app_begin ] --START--
INFO: Run Behavior\ReadHtmlCacheBehavior [ RunTime:0.000310s ]
INFO: [ app_begin ] --END-- [ RunTime:0.000341s ]
NOTIC: [8] Undefined index: keywords /var/www/xhy/Application/Admin/Controller/AdminController.class.php 第 51 行.
SQL: SHOW COLUMNS FROM `sys_user` [ RunTime:0.0008s ]
SQL: SELECT p.*,c.* FROM sys_user as p INNER JOIN user_permission c ON p.sid=c.sid AND p.sys_user_level=c.sys_user_level  WHERE ( p.sid = "0000000001" ) ORDER BY p.sys_user_openid desc  [ RunTime:0.0003s ]
INFO: [ view_parse ] --START--
INFO: [ template_filter ] --START--
INFO: Run Behavior\ContentReplaceBehavior [ RunTime:0.000034s ]
INFO: [ template_filter ] --END-- [ RunTime:0.000068s ]
INFO: Run Behavior\ParseTemplateBehavior [ RunTime:0.004180s ]
INFO: [ view_parse ] --END-- [ RunTime:0.004217s ]
INFO: [ view_filter ] --START--
INFO: Run Behavior\WriteHtmlCacheBehavior [ RunTime:0.000094s ]
INFO: [ view_filter ] --END-- [ RunTime:0.000117s ]
INFO: [ app_end ] --START--
INFO: Run Behavior\ShowPageTraceBehavior [ RunTime:0.000298s ]
INFO: [ app_end ] --END-- [ RunTime:0.000331s ]

[ 2017-09-22T10:02:27+08:00 ] 124.235.153.58 /index.php/Admin/Admin/
INFO: [ app_init ] --START--
INFO: Run Behavior\BuildLiteBehavior [ RunTime:0.000011s ]
INFO: [ app_init ] --END-- [ RunTime:0.000248s ]
INFO: [ app_begin ] --START--
INFO: Run Behavior\ReadHtmlCacheBehavior [ RunTime:0.000265s ]
INFO: [ app_begin ] --END-- [ RunTime:0.000296s ]
INFO: [ view_parse ] --START--
INFO: [ template_filter ] --START--
INFO: Run Behavior\ContentReplaceBehavior [ RunTime:0.000034s ]
INFO: [ template_filter ] --END-- [ RunTime:0.000070s ]
INFO: Run Behavior\ParseTemplateBehavior [ RunTime:0.003439s ]
INFO: [ view_parse ] --END-- [ RunTime:0.003468s ]
INFO: [ view_filter ] --START--
INFO: Run Behavior\WriteHtmlCacheBehavior [ RunTime:0.000082s ]
INFO: [ view_filter ] --END-- [ RunTime:0.000104s ]
INFO: [ app_end ] --START--
INFO: Run Behavior\ShowPageTraceBehavior [ RunTime:0.000285s ]
INFO: [ app_end ] --END-- [ RunTime:0.000328s ]

[ 2017-09-22T10:02:39+08:00 ] 124.235.153.58 /index.php/Admin/Admin/seat/sid/0000000001/id/1.html
INFO: [ app_init ] --START--
INFO: Run Behavior\BuildLiteBehavior [ RunTime:0.000011s ]
INFO: [ app_init ] --END-- [ RunTime:0.000230s ]
INFO: [ app_begin ] --START--
INFO: Run Behavior\ReadHtmlCacheBehavior [ RunTime:0.000252s ]
INFO: [ app_begin ] --END-- [ RunTime:0.000282s ]
SQL: SHOW COLUMNS FROM `meal_info` [ RunTime:0.0008s ]
SQL: SELECT p.*,c.* FROM meal_info as p INNER JOIN meal_usage c ON p.sid=c.sid AND p.table_id=c.table_id  WHERE (  p.sid = "0000000001" and p.table_type != 0 )  [ RunTime:0.0007s ]
INFO: [ view_parse ] --START--
INFO: [ template_filter ] --START--
INFO: Run Behavior\ContentReplaceBehavior [ RunTime:0.000032s ]
INFO: [ template_filter ] --END-- [ RunTime:0.000062s ]
INFO: Run Behavior\ParseTemplateBehavior [ RunTime:0.004801s ]
INFO: [ view_parse ] --END-- [ RunTime:0.004840s ]
INFO: [ view_filter ] --START--
INFO: Run Behavior\WriteHtmlCacheBehavior [ RunTime:0.000093s ]
INFO: [ view_filter ] --END-- [ RunTime:0.000116s ]
INFO: [ app_end ] --START--
INFO: Run Behavior\ShowPageTraceBehavior [ RunTime:0.000278s ]
INFO: [ app_end ] --END-- [ RunTime:0.000312s ]

[ 2017-09-22T10:03:12+08:00 ] 124.235.153.58 /index.php/Admin/Admin/
INFO: [ app_init ] --START--
INFO: Run Behavior\BuildLiteBehavior [ RunTime:0.000016s ]
INFO: [ app_init ] --END-- [ RunTime:0.000352s ]
INFO: [ app_begin ] --START--
INFO: Run Behavior\ReadHtmlCacheBehavior [ RunTime:0.000426s ]
INFO: [ app_begin ] --END-- [ RunTime:0.000470s ]
INFO: [ view_parse ] --START--
INFO: [ template_filter ] --START--
INFO: Run Behavior\ContentReplaceBehavior [ RunTime:0.000042s ]
INFO: [ template_filter ] --END-- [ RunTime:0.000075s ]
INFO: Run Behavior\ParseTemplateBehavior [ RunTime:0.003678s ]
INFO: [ view_parse ] --END-- [ RunTime:0.003733s ]
INFO: [ view_filter ] --START--
INFO: Run Behavior\WriteHtmlCacheBehavior [ RunTime:0.000093s ]
INFO: [ view_filter ] --END-- [ RunTime:0.000121s ]
INFO: [ app_end ] --START--
INFO: Run Behavior\ShowPageTraceBehavior [ RunTime:0.000513s ]
INFO: [ app_end ] --END-- [ RunTime:0.000542s ]

[ 2017-09-22T10:03:19+08:00 ] 124.235.153.58 /index.php/Admin/Admin/report/sid/0000000001.html
INFO: [ app_init ] --START--
INFO: Run Behavior\BuildLiteBehavior [ RunTime:0.000010s ]
INFO: [ app_init ] --END-- [ RunTime:0.000257s ]
INFO: [ app_begin ] --START--
INFO: Run Behavior\ReadHtmlCacheBehavior [ RunTime:0.000307s ]
INFO: [ app_begin ] --END-- [ RunTime:0.000348s ]
NOTIC: [8] Undefined index: begin_time /var/www/xhy/Application/Admin/Controller/AdminController.class.php 第 230 行.
SQL: SHOW COLUMNS FROM `order_number` [ RunTime:0.0008s ]
SQL: SELECT `table_id`,count(table_id) count FROM `order_number` WHERE ( sid = "0000000001" ) GROUP BY table_id  [ RunTime:0.0003s ]
INFO: [ view_parse ] --START--
INFO: [ template_filter ] --START--
INFO: Run Behavior\ContentReplaceBehavior [ RunTime:0.000034s ]
INFO: [ template_filter ] --END-- [ RunTime:0.000069s ]
INFO: Run Behavior\ParseTemplateBehavior [ RunTime:0.004310s ]
INFO: [ view_parse ] --END-- [ RunTime:0.004352s ]
INFO: [ view_filter ] --START--
INFO: Run Behavior\WriteHtmlCacheBehavior [ RunTime:0.000092s ]
INFO: [ view_filter ] --END-- [ RunTime:0.000122s ]
INFO: [ app_end ] --START--
INFO: Run Behavior\ShowPageTraceBehavior [ RunTime:0.000322s ]
INFO: [ app_end ] --END-- [ RunTime:0.000353s ]

[ 2017-09-22T10:03:51+08:00 ] 124.235.153.58 /index.php/Admin/Admin/
INFO: [ app_init ] --START--
INFO: Run Behavior\BuildLiteBehavior [ RunTime:0.000014s ]
INFO: [ app_init ] --END-- [ RunTime:0.000239s ]
INFO: [ app_begin ] --START--
INFO: Run Behavior\ReadHtmlCacheBehavior [ RunTime:0.000252s ]
INFO: [ app_begin ] --END-- [ RunTime:0.000283s ]
INFO: [ view_parse ] --START--
INFO: [ template_filter ] --START--
INFO: Run Behavior\ContentReplaceBehavior [ RunTime:0.000032s ]
INFO: [ template_filter ] --END-- [ RunTime:0.000065s ]
INFO: Run Behavior\ParseTemplateBehavior [ RunTime:0.003629s ]
INFO: [ view_parse ] --END-- [ RunTime:0.003662s ]
INFO: [ view_filter ] --START--
INFO: Run Behavior\WriteHtmlCacheBehavior [ RunTime:0.000085s ]
INFO: [ view_filter ] --END-- [ RunTime:0.000108s ]
INFO: [ app_end ] --START--
INFO: Run Behavior\ShowPageTraceBehavior [ RunTime:0.000262s ]
INFO: [ app_end ] --END-- [ RunTime:0.000287s ]

[ 2017-09-22T10:03:57+08:00 ] 124.235.153.58 /index.php/Admin/Admin/staff/sid/0000000001.html
INFO: [ app_init ] --START--
INFO: Run Behavior\BuildLiteBehavior [ RunTime:0.000014s ]
INFO: [ app_init ] --END-- [ RunTime:0.000326s ]
INFO: [ app_begin ] --START--
INFO: Run Behavior\ReadHtmlCacheBehavior [ RunTime:0.000701s ]
INFO: [ app_begin ] --END-- [ RunTime:0.000745s ]
NOTIC: [8] Undefined index: keywords /var/www/xhy/Application/Admin/Controller/AdminController.class.php 第 258 行.
SQL: SHOW COLUMNS FROM `sys_user` [ RunTime:0.0008s ]
SQL: SELECT * FROM `sys_user` WHERE ( sid = "0000000001" )  [ RunTime:0.0005s ]
INFO: [ view_parse ] --START--
INFO: [ template_filter ] --START--
INFO: Run Behavior\ContentReplaceBehavior [ RunTime:0.000045s ]
INFO: [ template_filter ] --END-- [ RunTime:0.000099s ]
INFO: Run Behavior\ParseTemplateBehavior [ RunTime:0.004157s ]
INFO: [ view_parse ] --END-- [ RunTime:0.004202s ]
INFO: [ view_filter ] --START--
INFO: Run Behavior\WriteHtmlCacheBehavior [ RunTime:0.000090s ]
INFO: [ view_filter ] --END-- [ RunTime:0.000115s ]
INFO: [ app_end ] --START--
INFO: Run Behavior\ShowPageTraceBehavior [ RunTime:0.000295s ]
INFO: [ app_end ] --END-- [ RunTime:0.000323s ]

[ 2017-09-22T10:05:11+08:00 ] 124.235.153.58 /index.php/Admin/Admin/staffInfo/sys_user_openid/1237/sid/0000000001.html
INFO: [ app_init ] --START--
INFO: Run Behavior\BuildLiteBehavior [ RunTime:0.000014s ]
INFO: [ app_init ] --END-- [ RunTime:0.000458s ]
INFO: [ app_begin ] --START--
INFO: Run Behavior\ReadHtmlCacheBehavior [ RunTime:0.000452s ]
INFO: [ app_begin ] --END-- [ RunTime:0.000489s ]
SQL: SHOW COLUMNS FROM `sys_user` [ RunTime:0.0011s ]
SQL: SELECT * FROM `sys_user` WHERE `sys_user_openid` = '1237' LIMIT 1   [ RunTime:0.0005s ]
INFO: [ view_parse ] --START--
INFO: [ template_filter ] --START--
INFO: Run Behavior\ContentReplaceBehavior [ RunTime:0.000050s ]
INFO: [ template_filter ] --END-- [ RunTime:0.000120s ]
NOTIC: [8] Undefined index: sys_attention_time /var/www/xhy/Application/Runtime/Cache/Admin/078e77a46cbd058e6462f9bc8f9778ae.php 第 53 行.
INFO: Run Behavior\ParseTemplateBehavior [ RunTime:0.007524s ]
INFO: [ view_parse ] --END-- [ RunTime:0.007562s ]
INFO: [ view_filter ] --START--
INFO: Run Behavior\WriteHtmlCacheBehavior [ RunTime:0.000128s ]
INFO: [ view_filter ] --END-- [ RunTime:0.000160s ]
INFO: [ app_end ] --START--
INFO: Run Behavior\ShowPageTraceBehavior [ RunTime:0.000457s ]
INFO: [ app_end ] --END-- [ RunTime:0.000492s ]

[ 2017-09-22T10:06:04+08:00 ] 124.235.153.58 /index.php/Admin/Admin/staff/sid/0000000001.html
INFO: [ app_init ] --START--
INFO: Run Behavior\BuildLiteBehavior [ RunTime:0.000011s ]
INFO: [ app_init ] --END-- [ RunTime:0.000241s ]
INFO: [ app_begin ] --START--
INFO: Run Behavior\ReadHtmlCacheBehavior [ RunTime:0.000277s ]
INFO: [ app_begin ] --END-- [ RunTime:0.000309s ]
NOTIC: [8] Undefined index: keywords /var/www/xhy/Application/Admin/Controller/AdminController.class.php 第 258 行.
SQL: SHOW COLUMNS FROM `sys_user` [ RunTime:0.0009s ]
SQL: SELECT * FROM `sys_user` WHERE ( sid = "0000000001" )  [ RunTime:0.0003s ]
INFO: [ view_parse ] --START--
INFO: [ template_filter ] --START--
INFO: Run Behavior\ContentReplaceBehavior [ RunTime:0.000046s ]
INFO: [ template_filter ] --END-- [ RunTime:0.000090s ]
INFO: Run Behavior\ParseTemplateBehavior [ RunTime:0.004186s ]
INFO: [ view_parse ] --END-- [ RunTime:0.004231s ]
INFO: [ view_filter ] --START--
INFO: Run Behavior\WriteHtmlCacheBehavior [ RunTime:0.000115s ]
INFO: [ view_filter ] --END-- [ RunTime:0.000143s ]
INFO: [ app_end ] --START--
INFO: Run Behavior\ShowPageTraceBehavior [ RunTime:0.000345s ]
INFO: [ app_end ] --END-- [ RunTime:0.000375s ]

[ 2017-09-22T10:06:04+08:00 ] 124.235.153.58 /index.php/Admin/Admin/
INFO: [ app_init ] --START--
INFO: Run Behavior\BuildLiteBehavior [ RunTime:0.000012s ]
INFO: [ app_init ] --END-- [ RunTime:0.000303s ]
INFO: [ app_begin ] --START--
INFO: Run Behavior\ReadHtmlCacheBehavior [ RunTime:0.000354s ]
INFO: [ app_begin ] --END-- [ RunTime:0.000393s ]
INFO: [ view_parse ] --START--
INFO: [ template_filter ] --START--
INFO: Run Behavior\ContentReplaceBehavior [ RunTime:0.000096s ]
INFO: [ template_filter ] --END-- [ RunTime:0.000143s ]
INFO: Run Behavior\ParseTemplateBehavior [ RunTime:0.003693s ]
INFO: [ view_parse ] --END-- [ RunTime:0.003733s ]
INFO: [ view_filter ] --START--
INFO: Run Behavior\WriteHtmlCacheBehavior [ RunTime:0.000087s ]
INFO: [ view_filter ] --END-- [ RunTime:0.000110s ]
INFO: [ app_end ] --START--
INFO: Run Behavior\ShowPageTraceBehavior [ RunTime:0.000312s ]
INFO: [ app_end ] --END-- [ RunTime:0.000353s ]

[ 2017-09-22T10:06:15+08:00 ] 124.235.153.58 /index.php/Admin/Admin/revenue/sid/0000000001.html
INFO: [ app_init ] --START--
INFO: Run Behavior\BuildLiteBehavior [ RunTime:0.000011s ]
INFO: [ app_init ] --END-- [ RunTime:0.000246s ]
INFO: [ app_begin ] --START--
INFO: Run Behavior\ReadHtmlCacheBehavior [ RunTime:0.000297s ]
INFO: [ app_begin ] --END-- [ RunTime:0.000343s ]
NOTIC: [8] Undefined index: begin_time /var/www/xhy/Application/Admin/Controller/AdminController.class.php 第 289 行.
SQL: SHOW COLUMNS FROM `order_info` [ RunTime:0.0010s ]
SQL: SELECT count(order_id) as count,(sum(pay_money)/count(order_id)) as consum,sum(money) as summoney,sum(pay_money) as zhemoney,(sum(money)-sum(pay_money)) as premoney FROM `order_info` WHERE ( sid = "0000000001" )  [ RunTime:0.0005s ]
INFO: [ view_parse ] --START--
INFO: [ template_filter ] --START--
INFO: Run Behavior\ContentReplaceBehavior [ RunTime:0.000044s ]
INFO: [ template_filter ] --END-- [ RunTime:0.000081s ]
INFO: Run Behavior\ParseTemplateBehavior [ RunTime:0.003728s ]
INFO: [ view_parse ] --END-- [ RunTime:0.003759s ]
INFO: [ view_filter ] --START--
INFO: Run Behavior\WriteHtmlCacheBehavior [ RunTime:0.000098s ]
INFO: [ view_filter ] --END-- [ RunTime:0.000120s ]
INFO: [ app_end ] --START--
INFO: Run Behavior\ShowPageTraceBehavior [ RunTime:0.000328s ]
INFO: [ app_end ] --END-- [ RunTime:0.000361s ]

[ 2017-09-22T10:06:19+08:00 ] 124.235.153.58 /index.php/Admin/Admin/revenue/sid/0000000001.html
INFO: [ app_init ] --START--
INFO: Run Behavior\BuildLiteBehavior [ RunTime:0.000016s ]
INFO: [ app_init ] --END-- [ RunTime:0.000299s ]
INFO: [ app_begin ] --START--
INFO: Run Behavior\ReadHtmlCacheBehavior [ RunTime:0.000288s ]
INFO: [ app_begin ] --END-- [ RunTime:0.000320s ]
NOTIC: [8] Undefined index: begin_time /var/www/xhy/Application/Admin/Controller/AdminController.class.php 第 289 行.
SQL: SHOW COLUMNS FROM `order_info` [ RunTime:0.0008s ]
SQL: SELECT count(order_id) as count,(sum(pay_money)/count(order_id)) as consum,sum(money) as summoney,sum(pay_money) as zhemoney,(sum(money)-sum(pay_money)) as premoney FROM `order_info` WHERE ( sid = "0000000001" )  [ RunTime:0.0003s ]
INFO: [ view_parse ] --START--
INFO: [ template_filter ] --START--
INFO: Run Behavior\ContentReplaceBehavior [ RunTime:0.000038s ]
INFO: [ template_filter ] --END-- [ RunTime:0.000076s ]
INFO: Run Behavior\ParseTemplateBehavior [ RunTime:0.003843s ]
INFO: [ view_parse ] --END-- [ RunTime:0.003874s ]
INFO: [ view_filter ] --START--
INFO: Run Behavior\WriteHtmlCacheBehavior [ RunTime:0.000089s ]
INFO: [ view_filter ] --END-- [ RunTime:0.000111s ]
INFO: [ app_end ] --START--
INFO: Run Behavior\ShowPageTraceBehavior [ RunTime:0.000301s ]
INFO: [ app_end ] --END-- [ RunTime:0.000372s ]

[ 2017-09-22T10:06:50+08:00 ] 124.235.153.58 /index.php/Admin/Admin/
INFO: [ app_init ] --START--
INFO: Run Behavior\BuildLiteBehavior [ RunTime:0.000011s ]
INFO: [ app_init ] --END-- [ RunTime:0.000228s ]
INFO: [ app_begin ] --START--
INFO: Run Behavior\ReadHtmlCacheBehavior [ RunTime:0.000254s ]
INFO: [ app_begin ] --END-- [ RunTime:0.000284s ]
INFO: [ view_parse ] --START--
INFO: [ template_filter ] --START--
INFO: Run Behavior\ContentReplaceBehavior [ RunTime:0.000062s ]
INFO: [ template_filter ] --END-- [ RunTime:0.000096s ]
INFO: Run Behavior\ParseTemplateBehavior [ RunTime:0.003430s ]
INFO: [ view_parse ] --END-- [ RunTime:0.003460s ]
INFO: [ view_filter ] --START--
INFO: Run Behavior\WriteHtmlCacheBehavior [ RunTime:0.000082s ]
INFO: [ view_filter ] --END-- [ RunTime:0.000104s ]
INFO: [ app_end ] --START--
INFO: Run Behavior\ShowPageTraceBehavior [ RunTime:0.000273s ]
INFO: [ app_end ] --END-- [ RunTime:0.000299s ]

[ 2017-09-22T10:06:56+08:00 ] 124.235.153.58 /index.php/Admin/Admin/gift/sid/0000000001/openid/1237.html
INFO: [ app_init ] --START--
INFO: Run Behavior\BuildLiteBehavior [ RunTime:0.000014s ]
INFO: [ app_init ] --END-- [ RunTime:0.000281s ]
INFO: [ app_begin ] --START--
INFO: Run Behavior\ReadHtmlCacheBehavior [ RunTime:0.000261s ]
INFO: [ app_begin ] --END-- [ RunTime:0.000299s ]
NOTIC: [8] Undefined index: gift_name /var/www/xhy/Application/Admin/Controller/AdminController.class.php 第 309 行.
SQL: SHOW COLUMNS FROM `gift_info` [ RunTime:0.0009s ]
SQL: SELECT * FROM `gift_info` WHERE ( sid = "0000000001" ) ORDER BY gift_id desc  [ RunTime:0.0004s ]
INFO: [ view_parse ] --START--
INFO: [ template_filter ] --START--
INFO: Run Behavior\ContentReplaceBehavior [ RunTime:0.000050s ]
INFO: [ template_filter ] --END-- [ RunTime:0.000102s ]
INFO: Run Behavior\ParseTemplateBehavior [ RunTime:0.007055s ]
INFO: [ view_parse ] --END-- [ RunTime:0.007104s ]
INFO: [ view_filter ] --START--
INFO: Run Behavior\WriteHtmlCacheBehavior [ RunTime:0.000114s ]
INFO: [ view_filter ] --END-- [ RunTime:0.000148s ]
INFO: [ app_end ] --START--
INFO: Run Behavior\ShowPageTraceBehavior [ RunTime:0.000379s ]
INFO: [ app_end ] --END-- [ RunTime:0.000413s ]

[ 2017-09-22T10:07:09+08:00 ] 124.235.153.58 /index.php/Admin/Admin/deleteGift/gift_id/48/sid/0000000001.html
INFO: [ app_init ] --START--
INFO: Run Behavior\BuildLiteBehavior [ RunTime:0.000024s ]
INFO: [ app_init ] --END-- [ RunTime:0.000314s ]
INFO: [ app_begin ] --START--
INFO: Run Behavior\ReadHtmlCacheBehavior [ RunTime:0.000317s ]
INFO: [ app_begin ] --END-- [ RunTime:0.000350s ]
SQL: SHOW COLUMNS FROM `gift_info` [ RunTime:0.0010s ]
SQL: DELETE FROM `gift_info` WHERE `gift_id` = '48' AND `sid` = '0000000001' [ RunTime:0.0131s ]

[ 2017-09-22T10:07:13+08:00 ] 124.235.153.58 /index.php/Admin/Admin/gift/sid/0000000001.html
INFO: [ app_init ] --START--
INFO: Run Behavior\BuildLiteBehavior [ RunTime:0.000015s ]
INFO: [ app_init ] --END-- [ RunTime:0.000281s ]
INFO: [ app_begin ] --START--
INFO: Run Behavior\ReadHtmlCacheBehavior [ RunTime:0.000302s ]
INFO: [ app_begin ] --END-- [ RunTime:0.000343s ]
NOTIC: [8] Undefined index: openid /var/www/xhy/Application/Admin/Controller/AdminController.class.php 第 307 行.
NOTIC: [8] Undefined index: gift_name /var/www/xhy/Application/Admin/Controller/AdminController.class.php 第 309 行.
SQL: SHOW COLUMNS FROM `gift_info` [ RunTime:0.0009s ]
SQL: SELECT * FROM `gift_info` WHERE ( sid = "0000000001" ) ORDER BY gift_id desc  [ RunTime:0.0006s ]
INFO: [ view_parse ] --START--
INFO: [ template_filter ] --START--
INFO: Run Behavior\ContentReplaceBehavior [ RunTime:0.000037s ]
INFO: [ template_filter ] --END-- [ RunTime:0.000072s ]
INFO: Run Behavior\ParseTemplateBehavior [ RunTime:0.007631s ]
INFO: [ view_parse ] --END-- [ RunTime:0.007669s ]
INFO: [ view_filter ] --START--
INFO: Run Behavior\WriteHtmlCacheBehavior [ RunTime:0.000121s ]
INFO: [ view_filter ] --END-- [ RunTime:0.000146s ]
INFO: [ app_end ] --START--
INFO: Run Behavior\ShowPageTraceBehavior [ RunTime:0.000280s ]
INFO: [ app_end ] --END-- [ RunTime:0.000313s ]

[ 2017-09-22T10:08:46+08:00 ] 124.235.153.58 /index.php/Admin/Admin/addGift/sid/0000000001.html
INFO: [ app_init ] --START--
INFO: Run Behavior\BuildLiteBehavior [ RunTime:0.000012s ]
INFO: [ app_init ] --END-- [ RunTime:0.000273s ]
INFO: [ app_begin ] --START--
INFO: Run Behavior\ReadHtmlCacheBehavior [ RunTime:0.000367s ]
INFO: [ app_begin ] --END-- [ RunTime:0.000716s ]
NOTIC: [8] Undefined index: openid /var/www/xhy/Application/Admin/Controller/AdminController.class.php 第 348 行.
SQL: SHOW COLUMNS FROM `wechat_session` [ RunTime:0.0009s ]
SQL: SELECT `val`,`time` FROM `wechat_session` WHERE `id` = 1 LIMIT 1   [ RunTime:0.0004s ]
SQL: UPDATE `wechat_session` SET `val`='jFFA0J_z67XfPy9boCxVY9er4J0Ww8P2J-Mo-MyBg-B-Ac-v0jrrANVqFNhgjl0cgfo-uEHTncPenNWw9hkEoqrRZwkyQIgdrBp_rrp-CTxZFajW7xo61YRh5DLJYJ_9JVTdAJAFRP',`time`='1506046126' WHERE `id` = 1 [ RunTime:0.0355s ]
SQL: SELECT `val`,`time` FROM `wechat_session` WHERE `id` = 2 LIMIT 1   [ RunTime:0.0006s ]
SQL: UPDATE `wechat_session` SET `val`='kgt8ON7yVITDhtdwci0qefSsaR-0gaEUwxjRf-H1t4EsMMtnZ8zqiSSiR3RhWYx5_X3EO6C2sUd1eNMdTjhpYA',`time`='1506046126' WHERE `id` = 2 [ RunTime:0.0094s ]
INFO: [ view_parse ] --START--
INFO: [ template_filter ] --START--
INFO: Run Behavior\ContentReplaceBehavior [ RunTime:0.000043s ]
INFO: [ template_filter ] --END-- [ RunTime:0.000076s ]
INFO: Run Behavior\ParseTemplateBehavior [ RunTime:0.004294s ]
INFO: [ view_parse ] --END-- [ RunTime:0.004328s ]
INFO: [ view_filter ] --START--
INFO: Run Behavior\WriteHtmlCacheBehavior [ RunTime:0.000089s ]
INFO: [ view_filter ] --END-- [ RunTime:0.000116s ]
INFO: [ app_end ] --START--
INFO: Run Behavior\ShowPageTraceBehavior [ RunTime:0.000329s ]
INFO: [ app_end ] --END-- [ RunTime:0.000363s ]

[ 2017-09-22T10:09:31+08:00 ] 124.235.153.58 /index.php/Admin/Admin/gift/sid/0000000001.html
INFO: [ app_init ] --START--
INFO: Run Behavior\BuildLiteBehavior [ RunTime:0.000012s ]
INFO: [ app_init ] --END-- [ RunTime:0.000247s ]
INFO: [ app_begin ] --START--
INFO: Run Behavior\ReadHtmlCacheBehavior [ RunTime:0.000409s ]
INFO: [ app_begin ] --END-- [ RunTime:0.000446s ]
NOTIC: [8] Undefined index: openid /var/www/xhy/Application/Admin/Controller/AdminController.class.php 第 307 行.
NOTIC: [8] Undefined index: gift_name /var/www/xhy/Application/Admin/Controller/AdminController.class.php 第 309 行.
SQL: SHOW COLUMNS FROM `gift_info` [ RunTime:0.0008s ]
SQL: SELECT * FROM `gift_info` WHERE ( sid = "0000000001" ) ORDER BY gift_id desc  [ RunTime:0.0015s ]
INFO: [ view_parse ] --START--
INFO: [ template_filter ] --START--
INFO: Run Behavior\ContentReplaceBehavior [ RunTime:0.000040s ]
INFO: [ template_filter ] --END-- [ RunTime:0.000080s ]
INFO: Run Behavior\ParseTemplateBehavior [ RunTime:0.006292s ]
INFO: [ view_parse ] --END-- [ RunTime:0.006327s ]
INFO: [ view_filter ] --START--
INFO: Run Behavior\WriteHtmlCacheBehavior [ RunTime:0.000105s ]
INFO: [ view_filter ] --END-- [ RunTime:0.000130s ]
INFO: [ app_end ] --START--
INFO: Run Behavior\ShowPageTraceBehavior [ RunTime:0.000310s ]
INFO: [ app_end ] --END-- [ RunTime:0.000342s ]

[ 2017-09-22T10:09:35+08:00 ] 124.235.153.58 /index.php/Admin/Admin/gift/sid/0000000001/openid/1237.html
INFO: [ app_init ] --START--
INFO: Run Behavior\BuildLiteBehavior [ RunTime:0.000016s ]
INFO: [ app_init ] --END-- [ RunTime:0.000266s ]
INFO: [ app_begin ] --START--
INFO: Run Behavior\ReadHtmlCacheBehavior [ RunTime:0.000377s ]
INFO: [ app_begin ] --END-- [ RunTime:0.000409s ]
NOTIC: [8] Undefined index: gift_name /var/www/xhy/Application/Admin/Controller/AdminController.class.php 第 309 行.
SQL: SHOW COLUMNS FROM `gift_info` [ RunTime:0.0009s ]
SQL: SELECT * FROM `gift_info` WHERE ( sid = "0000000001" ) ORDER BY gift_id desc  [ RunTime:0.0004s ]
INFO: [ view_parse ] --START--
INFO: [ template_filter ] --START--
INFO: Run Behavior\ContentReplaceBehavior [ RunTime:0.000036s ]
INFO: [ template_filter ] --END-- [ RunTime:0.000069s ]
INFO: Run Behavior\ParseTemplateBehavior [ RunTime:0.005902s ]
INFO: [ view_parse ] --END-- [ RunTime:0.005940s ]
INFO: [ view_filter ] --START--
INFO: Run Behavior\WriteHtmlCacheBehavior [ RunTime:0.000095s ]
INFO: [ view_filter ] --END-- [ RunTime:0.000118s ]
INFO: [ app_end ] --START--
INFO: Run Behavior\ShowPageTraceBehavior [ RunTime:0.000319s ]
INFO: [ app_end ] --END-- [ RunTime:0.000350s ]

[ 2017-09-22T10:10:11+08:00 ] 124.235.153.58 /index.php/Admin/Admin/
INFO: [ app_init ] --START--
INFO: Run Behavior\BuildLiteBehavior [ RunTime:0.000011s ]
INFO: [ app_init ] --END-- [ RunTime:0.000248s ]
INFO: [ app_begin ] --START--
INFO: Run Behavior\ReadHtmlCacheBehavior [ RunTime:0.000296s ]
INFO: [ app_begin ] --END-- [ RunTime:0.000328s ]
INFO: [ view_parse ] --START--
INFO: [ template_filter ] --START--
INFO: Run Behavior\ContentReplaceBehavior [ RunTime:0.000032s ]
INFO: [ template_filter ] --END-- [ RunTime:0.000064s ]
INFO: Run Behavior\ParseTemplateBehavior [ RunTime:0.003892s ]
INFO: [ view_parse ] --END-- [ RunTime:0.003923s ]
INFO: [ view_filter ] --START--
INFO: Run Behavior\WriteHtmlCacheBehavior [ RunTime:0.000097s ]
INFO: [ view_filter ] --END-- [ RunTime:0.000123s ]
INFO: [ app_end ] --START--
INFO: Run Behavior\ShowPageTraceBehavior [ RunTime:0.000342s ]
INFO: [ app_end ] --END-- [ RunTime:0.000371s ]

[ 2017-09-22T10:10:20+08:00 ] 124.235.153.58 /index.php/Admin/Admin/foods/sid/0000000001/openid/1237.html
INFO: [ app_init ] --START--
INFO: Run Behavior\BuildLiteBehavior [ RunTime:0.000011s ]
INFO: [ app_init ] --END-- [ RunTime:0.000254s ]
INFO: [ app_begin ] --START--
INFO: Run Behavior\ReadHtmlCacheBehavior [ RunTime:0.000331s ]
INFO: [ app_begin ] --END-- [ RunTime:0.000363s ]
SQL: SHOW COLUMNS FROM `carte_info` [ RunTime:0.0008s ]
SQL: SELECT `menu_id`,`sid`,`menu_name`,`menu_pag_url`,`unit_price`,`menu_type` FROM `carte_info` WHERE ( sid = "0000000001" )  [ RunTime:0.0003s ]
SQL: SELECT distinct menu_type FROM `carte_info` WHERE ( sid = "0000000001" )  [ RunTime:0.0003s ]
INFO: [ view_parse ] --START--
INFO: [ template_filter ] --START--
INFO: Run Behavior\ContentReplaceBehavior [ RunTime:0.000040s ]
INFO: [ template_filter ] --END-- [ RunTime:0.000070s ]
INFO: Run Behavior\ParseTemplateBehavior [ RunTime:0.005564s ]
INFO: [ view_parse ] --END-- [ RunTime:0.005597s ]
INFO: [ view_filter ] --START--
INFO: Run Behavior\WriteHtmlCacheBehavior [ RunTime:0.000100s ]
INFO: [ view_filter ] --END-- [ RunTime:0.000123s ]
INFO: [ app_end ] --START--
INFO: Run Behavior\ShowPageTraceBehavior [ RunTime:0.000346s ]
INFO: [ app_end ] --END-- [ RunTime:0.000378s ]

[ 2017-09-22T10:11:40+08:00 ] 124.235.153.58 /index.php/Admin/Admin/addFood/sid/0000000001.html
INFO: [ app_init ] --START--
INFO: Run Behavior\BuildLiteBehavior [ RunTime:0.000012s ]
INFO: [ app_init ] --END-- [ RunTime:0.000277s ]
INFO: [ app_begin ] --START--
INFO: Run Behavior\ReadHtmlCacheBehavior [ RunTime:0.000283s ]
INFO: [ app_begin ] --END-- [ RunTime:0.000366s ]
NOTIC: [8] Undefined index: openid /var/www/xhy/Application/Admin/Controller/AdminController.class.php 第 512 行.
SQL: SHOW COLUMNS FROM `wechat_session` [ RunTime:0.0008s ]
SQL: SELECT `val`,`time` FROM `wechat_session` WHERE `id` = 1 LIMIT 1   [ RunTime:0.0005s ]
SQL: SELECT `val`,`time` FROM `wechat_session` WHERE `id` = 2 LIMIT 1   [ RunTime:0.0004s ]
INFO: [ view_parse ] --START--
INFO: [ template_filter ] --START--
INFO: Run Behavior\ContentReplaceBehavior [ RunTime:0.000042s ]
INFO: [ template_filter ] --END-- [ RunTime:0.000079s ]
INFO: Run Behavior\ParseTemplateBehavior [ RunTime:0.004118s ]
INFO: [ view_parse ] --END-- [ RunTime:0.004148s ]
INFO: [ view_filter ] --START--
INFO: Run Behavior\WriteHtmlCacheBehavior [ RunTime:0.000097s ]
INFO: [ view_filter ] --END-- [ RunTime:0.000121s ]
INFO: [ app_end ] --START--
INFO: Run Behavior\ShowPageTraceBehavior [ RunTime:0.000358s ]
INFO: [ app_end ] --END-- [ RunTime:0.000388s ]

[ 2017-09-22T10:18:10+08:00 ] 124.235.153.58 /index.php/Admin/admin
INFO: [ app_init ] --START--
INFO: Run Behavior\BuildLiteBehavior [ RunTime:0.000020s ]
INFO: [ app_init ] --END-- [ RunTime:0.000537s ]
INFO: [ app_begin ] --START--
INFO: Run Behavior\ReadHtmlCacheBehavior [ RunTime:0.000348s ]
INFO: [ app_begin ] --END-- [ RunTime:0.000387s ]
INFO: [ view_parse ] --START--
INFO: [ template_filter ] --START--
INFO: Run Behavior\ContentReplaceBehavior [ RunTime:0.000043s ]
INFO: [ template_filter ] --END-- [ RunTime:0.000085s ]
INFO: Run Behavior\ParseTemplateBehavior [ RunTime:0.004690s ]
INFO: [ view_parse ] --END-- [ RunTime:0.004729s ]
INFO: [ view_filter ] --START--
INFO: Run Behavior\WriteHtmlCacheBehavior [ RunTime:0.000097s ]
INFO: [ view_filter ] --END-- [ RunTime:0.000124s ]
INFO: [ app_end ] --START--
INFO: Run Behavior\ShowPageTraceBehavior [ RunTime:0.000349s ]
INFO: [ app_end ] --END-- [ RunTime:0.000390s ]

[ 2017-09-22T10:18:16+08:00 ] 124.235.153.58 /index.php/Admin/Admin/admin/sid/0000000001.html
INFO: [ app_init ] --START--
INFO: Run Behavior\BuildLiteBehavior [ RunTime:0.000020s ]
INFO: [ app_init ] --END-- [ RunTime:0.000361s ]
INFO: [ app_begin ] --START--
INFO: Run Behavior\ReadHtmlCacheBehavior [ RunTime:0.000286s ]
INFO: [ app_begin ] --END-- [ RunTime:0.000317s ]
NOTIC: [8] Undefined index: keywords /var/www/xhy/Application/Admin/Controller/AdminController.class.php 第 51 行.
SQL: SHOW COLUMNS FROM `sys_user` [ RunTime:0.0010s ]
SQL: SELECT p.*,c.* FROM sys_user as p INNER JOIN user_permission c ON p.sid=c.sid AND p.sys_user_level=c.sys_user_level  WHERE ( p.sid = "0000000001" ) ORDER BY p.sys_user_openid desc  [ RunTime:0.0004s ]
INFO: [ view_parse ] --START--
INFO: [ template_filter ] --START--
INFO: Run Behavior\ContentReplaceBehavior [ RunTime:0.000037s ]
INFO: [ template_filter ] --END-- [ RunTime:0.000073s ]
INFO: Run Behavior\ParseTemplateBehavior [ RunTime:0.004104s ]
INFO: [ view_parse ] --END-- [ RunTime:0.004142s ]
INFO: [ view_filter ] --START--
INFO: Run Behavior\WriteHtmlCacheBehavior [ RunTime:0.000095s ]
INFO: [ view_filter ] --END-- [ RunTime:0.000117s ]
INFO: [ app_end ] --START--
INFO: Run Behavior\ShowPageTraceBehavior [ RunTime:0.000295s ]
INFO: [ app_end ] --END-- [ RunTime:0.000327s ]

[ 2017-09-22T13:37:20+08:00 ] 123.151.138.57 /index.php/Admin/Admin/
INFO: [ app_init ] --START--
INFO: Run Behavior\BuildLiteBehavior [ RunTime:0.000010s ]
INFO: [ app_init ] --END-- [ RunTime:0.000230s ]
INFO: [ app_begin ] --START--
INFO: Run Behavior\ReadHtmlCacheBehavior [ RunTime:0.000250s ]
INFO: [ app_begin ] --END-- [ RunTime:0.000280s ]
INFO: [ view_parse ] --START--
INFO: [ template_filter ] --START--
INFO: Run Behavior\ContentReplaceBehavior [ RunTime:0.000033s ]
INFO: [ template_filter ] --END-- [ RunTime:0.000064s ]
INFO: Run Behavior\ParseTemplateBehavior [ RunTime:0.003509s ]
INFO: [ view_parse ] --END-- [ RunTime:0.003548s ]
INFO: [ view_filter ] --START--
INFO: Run Behavior\WriteHtmlCacheBehavior [ RunTime:0.000103s ]
INFO: [ view_filter ] --END-- [ RunTime:0.000131s ]
INFO: [ app_end ] --START--
INFO: Run Behavior\ShowPageTraceBehavior [ RunTime:0.000343s ]
INFO: [ app_end ] --END-- [ RunTime:0.000369s ]

[ 2017-09-22T13:37:49+08:00 ] 123.151.138.57 /index.php/Admin/Admin/
INFO: [ app_init ] --START--
INFO: Run Behavior\BuildLiteBehavior [ RunTime:0.000015s ]
INFO: [ app_init ] --END-- [ RunTime:0.000497s ]
INFO: [ app_begin ] --START--
INFO: Run Behavior\ReadHtmlCacheBehavior [ RunTime:0.000320s ]
INFO: [ app_begin ] --END-- [ RunTime:0.000360s ]
INFO: [ view_parse ] --START--
INFO: [ template_filter ] --START--
INFO: Run Behavior\ContentReplaceBehavior [ RunTime:0.000040s ]
INFO: [ template_filter ] --END-- [ RunTime:0.000084s ]
INFO: Run Behavior\ParseTemplateBehavior [ RunTime:0.003781s ]
INFO: [ view_parse ] --END-- [ RunTime:0.003816s ]
INFO: [ view_filter ] --START--
INFO: Run Behavior\WriteHtmlCacheBehavior [ RunTime:0.000098s ]
INFO: [ view_filter ] --END-- [ RunTime:0.000125s ]
INFO: [ app_end ] --START--
INFO: Run Behavior\ShowPageTraceBehavior [ RunTime:0.000307s ]
INFO: [ app_end ] --END-- [ RunTime:0.000338s ]

[ 2017-09-22T13:45:10+08:00 ] 117.185.27.114 /index.php/Admin/Admin
INFO: [ app_init ] --START--
INFO: Run Behavior\BuildLiteBehavior [ RunTime:0.000012s ]
INFO: [ app_init ] --END-- [ RunTime:0.000246s ]
INFO: [ app_begin ] --START--
INFO: Run Behavior\ReadHtmlCacheBehavior [ RunTime:0.000256s ]
INFO: [ app_begin ] --END-- [ RunTime:0.000288s ]
INFO: [ view_parse ] --START--
INFO: [ template_filter ] --START--
INFO: Run Behavior\ContentReplaceBehavior [ RunTime:0.000038s ]
INFO: [ template_filter ] --END-- [ RunTime:0.000074s ]
INFO: Run Behavior\ParseTemplateBehavior [ RunTime:0.006712s ]
INFO: [ view_parse ] --END-- [ RunTime:0.006751s ]
INFO: [ view_filter ] --START--
INFO: Run Behavior\WriteHtmlCacheBehavior [ RunTime:0.000091s ]
INFO: [ view_filter ] --END-- [ RunTime:0.000121s ]
INFO: [ app_end ] --START--
INFO: Run Behavior\ShowPageTraceBehavior [ RunTime:0.000320s ]
INFO: [ app_end ] --END-- [ RunTime:0.000351s ]

[ 2017-09-22T15:27:37+08:00 ] 123.151.138.57 /index.php/Admin/Admin/
INFO: [ app_init ] --START--
INFO: Run Behavior\BuildLiteBehavior [ RunTime:0.000015s ]
INFO: [ app_init ] --END-- [ RunTime:0.000362s ]
INFO: [ app_begin ] --START--
INFO: Run Behavior\ReadHtmlCacheBehavior [ RunTime:0.000304s ]
INFO: [ app_begin ] --END-- [ RunTime:0.000338s ]
INFO: [ view_parse ] --START--
INFO: [ template_filter ] --START--
INFO: Run Behavior\ContentReplaceBehavior [ RunTime:0.000040s ]
INFO: [ template_filter ] --END-- [ RunTime:0.000082s ]
INFO: Run Behavior\ParseTemplateBehavior [ RunTime:0.004525s ]
INFO: [ view_parse ] --END-- [ RunTime:0.004566s ]
INFO: [ view_filter ] --START--
INFO: Run Behavior\WriteHtmlCacheBehavior [ RunTime:0.000101s ]
INFO: [ view_filter ] --END-- [ RunTime:0.000128s ]
INFO: [ app_end ] --START--
INFO: Run Behavior\ShowPageTraceBehavior [ RunTime:0.000317s ]
INFO: [ app_end ] --END-- [ RunTime:0.000348s ]

[ 2017-09-22T15:27:45+08:00 ] 123.151.138.57 /index.php/Admin/Admin/seat/sid/0000000001/id/1.html
INFO: [ app_init ] --START--
INFO: Run Behavior\BuildLiteBehavior [ RunTime:0.000013s ]
INFO: [ app_init ] --END-- [ RunTime:0.000264s ]
INFO: [ app_begin ] --START--
INFO: Run Behavior\ReadHtmlCacheBehavior [ RunTime:0.000438s ]
INFO: [ app_begin ] --END-- [ RunTime:0.000470s ]
SQL: SHOW COLUMNS FROM `meal_info` [ RunTime:0.0008s ]
SQL: SELECT p.*,c.* FROM meal_info as p INNER JOIN meal_usage c ON p.sid=c.sid AND p.table_id=c.table_id  WHERE (  p.sid = "0000000001" and p.table_type != 0 )  [ RunTime:0.0003s ]
INFO: [ view_parse ] --START--
INFO: [ template_filter ] --START--
INFO: Run Behavior\ContentReplaceBehavior [ RunTime:0.000042s ]
INFO: [ template_filter ] --END-- [ RunTime:0.000081s ]
INFO: Run Behavior\ParseTemplateBehavior [ RunTime:0.005415s ]
INFO: [ view_parse ] --END-- [ RunTime:0.005456s ]
INFO: [ view_filter ] --START--
INFO: Run Behavior\WriteHtmlCacheBehavior [ RunTime:0.000109s ]
INFO: [ view_filter ] --END-- [ RunTime:0.000132s ]
INFO: [ app_end ] --START--
INFO: Run Behavior\ShowPageTraceBehavior [ RunTime:0.000322s ]
INFO: [ app_end ] --END-- [ RunTime:0.000356s ]

[ 2017-09-22T15:27:52+08:00 ] 123.151.138.57 /index.php/Admin/Admin/seat/sid/0000000001/id/0.html
INFO: [ app_init ] --START--
INFO: Run Behavior\BuildLiteBehavior [ RunTime:0.000011s ]
INFO: [ app_init ] --END-- [ RunTime:0.000292s ]
INFO: [ app_begin ] --START--
INFO: Run Behavior\ReadHtmlCacheBehavior [ RunTime:0.000272s ]
INFO: [ app_begin ] --END-- [ RunTime:0.000306s ]
SQL: SHOW COLUMNS FROM `meal_info` [ RunTime:0.0008s ]
SQL: SELECT p.*,c.* FROM meal_info as p INNER JOIN meal_usage c ON p.sid=c.sid AND p.table_id=c.table_id  WHERE (  p.sid = "0000000001" and p.table_type = 0 )  [ RunTime:0.0004s ]
INFO: [ view_parse ] --START--
INFO: [ template_filter ] --START--
INFO: Run Behavior\ContentReplaceBehavior [ RunTime:0.000041s ]
INFO: [ template_filter ] --END-- [ RunTime:0.000074s ]
INFO: Run Behavior\ParseTemplateBehavior [ RunTime:0.004937s ]
INFO: [ view_parse ] --END-- [ RunTime:0.004969s ]
INFO: [ view_filter ] --START--
INFO: Run Behavior\WriteHtmlCacheBehavior [ RunTime:0.000089s ]
INFO: [ view_filter ] --END-- [ RunTime:0.000118s ]
INFO: [ app_end ] --START--
INFO: Run Behavior\ShowPageTraceBehavior [ RunTime:0.000301s ]
INFO: [ app_end ] --END-- [ RunTime:0.000326s ]

