[ 2017-10-11T11:05:17+08:00 ] 124.235.153.58 /index.php/Admin/Admin/
INFO: [ app_init ] --START--
INFO: Run Behavior\BuildLiteBehavior [ RunTime:0.000011s ]
INFO: [ app_init ] --END-- [ RunTime:0.000227s ]
INFO: [ app_begin ] --START--
INFO: Run Behavior\ReadHtmlCacheBehavior [ RunTime:0.000260s ]
INFO: [ app_begin ] --END-- [ RunTime:0.000290s ]

[ 2017-10-11T11:05:20+08:00 ] 124.235.153.58 /index.php/Admin/Admin/?code=071HiB0K1vF2W70o0T1K1lgD0K1HiB04&state=STATE
INFO: [ app_init ] --START--
INFO: Run Behavior\BuildLiteBehavior [ RunTime:0.000011s ]
INFO: [ app_init ] --END-- [ RunTime:0.000244s ]
INFO: [ app_begin ] --START--
INFO: Run Behavior\ReadHtmlCacheBehavior [ RunTime:0.000292s ]
INFO: [ app_begin ] --END-- [ RunTime:0.000323s ]
NOTIC: [8] Undefined property: WxPayJsApi::$curl_timeout /var/www/xhy/ThinkPHP/Library/Vendor/WxpayAPI/example/WxPayJsApi.php 第 99 行.
SQL: SHOW COLUMNS FROM `sys_user` [ RunTime:0.0008s ]
SQL: SELECT `sys_user_openid` FROM `sys_user` WHERE `sys_user_openid` = 'oGcQ7wTdkUrYqYhxVSjYFpjd6wRo' AND `sid` = '0000000001' LIMIT 1   [ RunTime:0.0003s ]
INFO: [ view_parse ] --START--
INFO: [ template_filter ] --START--
INFO: Run Behavior\ContentReplaceBehavior [ RunTime:0.000042s ]
INFO: [ template_filter ] --END-- [ RunTime:0.000074s ]
INFO: Run Behavior\ParseTemplateBehavior [ RunTime:0.003884s ]
INFO: [ view_parse ] --END-- [ RunTime:0.003919s ]
INFO: [ view_filter ] --START--
INFO: Run Behavior\WriteHtmlCacheBehavior [ RunTime:0.000086s ]
INFO: [ view_filter ] --END-- [ RunTime:0.000109s ]
INFO: [ app_end ] --START--
INFO: Run Behavior\ShowPageTraceBehavior [ RunTime:0.000439s ]
INFO: [ app_end ] --END-- [ RunTime:0.000473s ]

[ 2017-10-11T13:26:25+08:00 ] 124.235.153.58 /index.php/Admin/Admin/seat/sid/0000000001/id/1/openid/oGcQ7wTdkUrYqYhxVSjYFpjd6wRo.html
INFO: [ app_init ] --START--
INFO: Run Behavior\BuildLiteBehavior [ RunTime:0.000012s ]
INFO: [ app_init ] --END-- [ RunTime:0.000238s ]
INFO: [ app_begin ] --START--
INFO: Run Behavior\ReadHtmlCacheBehavior [ RunTime:0.000271s ]
INFO: [ app_begin ] --END-- [ RunTime:0.000300s ]
SQL: SHOW COLUMNS FROM `sys_user` [ RunTime:6.7443s ]
SQL: SELECT `sys_user_level` FROM `sys_user` WHERE `sys_user_openid` = 'oGcQ7wTdkUrYqYhxVSjYFpjd6wRo' AND `sid` = '0000000001' LIMIT 1   [ RunTime:0.0004s ]
SQL: SHOW COLUMNS FROM `meal_info` [ RunTime:0.0007s ]
SQL: SELECT distinct p.*,c.* FROM meal_info as p INNER JOIN meal_usage c ON p.sid=c.sid AND p.table_id=c.table_id  WHERE (  p.sid = "0000000001" and p.table_type != 0 )  [ RunTime:0.0003s ]
INFO: [ view_parse ] --START--
INFO: [ template_filter ] --START--
INFO: Run Behavior\ContentReplaceBehavior [ RunTime:0.000038s ]
INFO: [ template_filter ] --END-- [ RunTime:0.000087s ]
INFO: Run Behavior\ParseTemplateBehavior [ RunTime:0.006248s ]
INFO: [ view_parse ] --END-- [ RunTime:0.006295s ]
INFO: [ view_filter ] --START--
INFO: Run Behavior\WriteHtmlCacheBehavior [ RunTime:0.000129s ]
INFO: [ view_filter ] --END-- [ RunTime:0.000169s ]
INFO: [ app_end ] --START--
INFO: Run Behavior\ShowPageTraceBehavior [ RunTime:0.000314s ]
INFO: [ app_end ] --END-- [ RunTime:0.000351s ]

[ 2017-10-11T14:07:14+08:00 ] 182.254.86.158 /admin/create/rec?signature=19bf4340387684e91472f95559f9f8f78d751d06&timestamp=1507702029&nonce=1110959472&openid=oGcQ7wdOBsx9aGNBGLM-urn7bqrk&encrypt_type=aes&msg_signature=966881bd4beff9379b2440de679f9823a24ac534
INFO: [ app_init ] --START--
INFO: Run Behavior\BuildLiteBehavior [ RunTime:0.000012s ]
INFO: [ app_init ] --END-- [ RunTime:0.000252s ]
INFO: [ app_begin ] --START--
INFO: Run Behavior\ReadHtmlCacheBehavior [ RunTime:0.000253s ]
INFO: [ app_begin ] --END-- [ RunTime:0.000299s ]
NOTIC: [8] Undefined index: echostr /var/www/xhy/Application/Admin/Controller/token.php 第 32 行.
NOTIC: [8] Undefined index: CardId /var/www/xhy/Application/Admin/Controller/CreateController.class.php 第 1113 行.
SQL: SHOW COLUMNS FROM `status` [ RunTime:0.2162s ]
ERR: 1048:Column 'card_id' cannot be null
 [ SQL语句 ] : INSERT INTO `status` (`event`,`card_id`) VALUES ('subscribe',NULL)
ERR: 1048:Column 'card_id' cannot be null
 [ SQL语句 ] : INSERT INTO `status` (`event`,`card_id`) VALUES ('subscribe',NULL)

[ 2017-10-11T14:07:16+08:00 ] 182.254.86.143 /admin/create/rec?signature=19bf4340387684e91472f95559f9f8f78d751d06&timestamp=1507702029&nonce=1110959472&openid=oGcQ7wdOBsx9aGNBGLM-urn7bqrk&encrypt_type=aes&msg_signature=966881bd4beff9379b2440de679f9823a24ac534
INFO: [ app_init ] --START--
INFO: Run Behavior\BuildLiteBehavior [ RunTime:0.000016s ]
INFO: [ app_init ] --END-- [ RunTime:0.000283s ]
INFO: [ app_begin ] --START--
INFO: Run Behavior\ReadHtmlCacheBehavior [ RunTime:0.000284s ]
INFO: [ app_begin ] --END-- [ RunTime:0.000315s ]
NOTIC: [8] Undefined index: echostr /var/www/xhy/Application/Admin/Controller/token.php 第 32 行.
NOTIC: [8] Undefined index: CardId /var/www/xhy/Application/Admin/Controller/CreateController.class.php 第 1113 行.
SQL: SHOW COLUMNS FROM `status` [ RunTime:0.6325s ]
ERR: 1048:Column 'card_id' cannot be null
 [ SQL语句 ] : INSERT INTO `status` (`event`,`card_id`) VALUES ('subscribe',NULL)
ERR: 1048:Column 'card_id' cannot be null
 [ SQL语句 ] : INSERT INTO `status` (`event`,`card_id`) VALUES ('subscribe',NULL)

[ 2017-10-11T14:07:21+08:00 ] 182.254.86.153 /admin/create/rec?signature=19bf4340387684e91472f95559f9f8f78d751d06&timestamp=1507702029&nonce=1110959472&openid=oGcQ7wdOBsx9aGNBGLM-urn7bqrk&encrypt_type=aes&msg_signature=966881bd4beff9379b2440de679f9823a24ac534
INFO: [ app_init ] --START--
INFO: Run Behavior\BuildLiteBehavior [ RunTime:0.000011s ]
INFO: [ app_init ] --END-- [ RunTime:0.000236s ]
INFO: [ app_begin ] --START--
INFO: Run Behavior\ReadHtmlCacheBehavior [ RunTime:0.000252s ]
INFO: [ app_begin ] --END-- [ RunTime:0.000284s ]
NOTIC: [8] Undefined index: echostr /var/www/xhy/Application/Admin/Controller/token.php 第 32 行.
NOTIC: [8] Undefined index: CardId /var/www/xhy/Application/Admin/Controller/CreateController.class.php 第 1113 行.
SQL: SHOW COLUMNS FROM `status` [ RunTime:0.0064s ]
ERR: 1048:Column 'card_id' cannot be null
 [ SQL语句 ] : INSERT INTO `status` (`event`,`card_id`) VALUES ('subscribe',NULL)
ERR: 1048:Column 'card_id' cannot be null
 [ SQL语句 ] : INSERT INTO `status` (`event`,`card_id`) VALUES ('subscribe',NULL)

[ 2017-10-11T14:31:10+08:00 ] 124.235.153.58 /index.php/Admin/Admin/seatInfo/table_id/01/sid/0000000001/id/1/level/1.html
INFO: [ app_init ] --START--
INFO: Run Behavior\BuildLiteBehavior [ RunTime:0.000014s ]
INFO: [ app_init ] --END-- [ RunTime:0.000417s ]
INFO: [ app_begin ] --START--
INFO: Run Behavior\ReadHtmlCacheBehavior [ RunTime:0.000297s ]
INFO: [ app_begin ] --END-- [ RunTime:0.000330s ]
SQL: SHOW COLUMNS FROM `meal_info` [ RunTime:6.7588s ]
SQL: SELECT distinct p.*,c.* FROM meal_info as p INNER JOIN meal_usage c ON p.sid=c.sid AND p.table_id=c.table_id AND p.is_order=c.is_order  WHERE c.table_id = '01' AND c.sid = '0000000001' LIMIT 1   [ RunTime:122.3620s ]
INFO: [ view_parse ] --START--
INFO: [ template_filter ] --START--
INFO: Run Behavior\ContentReplaceBehavior [ RunTime:0.000065s ]
INFO: [ template_filter ] --END-- [ RunTime:0.000175s ]
INFO: Run Behavior\ParseTemplateBehavior [ RunTime:0.032603s ]
INFO: [ view_parse ] --END-- [ RunTime:0.032676s ]
INFO: [ view_filter ] --START--
INFO: Run Behavior\WriteHtmlCacheBehavior [ RunTime:0.000126s ]
INFO: [ view_filter ] --END-- [ RunTime:0.000196s ]
INFO: [ app_end ] --START--
INFO: Run Behavior\ShowPageTraceBehavior [ RunTime:0.000427s ]
INFO: [ app_end ] --END-- [ RunTime:0.000486s ]

[ 2017-10-11T15:17:16+08:00 ] 124.235.153.58 /index.php/Admin/Admin/seatInfo/table_id/01/sid/0000000001/id/1/level/1.html
INFO: [ app_init ] --START--
INFO: Run Behavior\BuildLiteBehavior [ RunTime:0.000013s ]
INFO: [ app_init ] --END-- [ RunTime:0.000249s ]
INFO: [ app_begin ] --START--
INFO: Run Behavior\ReadHtmlCacheBehavior [ RunTime:0.000274s ]
INFO: [ app_begin ] --END-- [ RunTime:0.000305s ]
SQL: SHOW COLUMNS FROM `meal_info` [ RunTime:6.3091s ]
SQL: SELECT distinct p.*,c.* FROM meal_info as p INNER JOIN meal_usage c ON p.sid=c.sid AND p.table_id=c.table_id AND p.is_order=c.is_order  WHERE c.table_id = '01' AND c.sid = '0000000001' LIMIT 1   [ RunTime:0.0004s ]
INFO: [ view_parse ] --START--
INFO: [ template_filter ] --START--
INFO: Run Behavior\ContentReplaceBehavior [ RunTime:0.000069s ]
INFO: [ template_filter ] --END-- [ RunTime:0.000103s ]
INFO: Run Behavior\ParseTemplateBehavior [ RunTime:0.005098s ]
INFO: [ view_parse ] --END-- [ RunTime:0.005143s ]
INFO: [ view_filter ] --START--
INFO: Run Behavior\WriteHtmlCacheBehavior [ RunTime:0.000092s ]
INFO: [ view_filter ] --END-- [ RunTime:0.000114s ]
INFO: [ app_end ] --START--
INFO: Run Behavior\ShowPageTraceBehavior [ RunTime:0.000286s ]
INFO: [ app_end ] --END-- [ RunTime:0.000312s ]

[ 2017-10-11T15:42:54+08:00 ] 124.235.153.58 /index.php/Admin/Admin/editSeat.html
INFO: [ app_init ] --START--
INFO: Run Behavior\BuildLiteBehavior [ RunTime:0.000011s ]
INFO: [ app_init ] --END-- [ RunTime:0.000223s ]
INFO: [ app_begin ] --START--
INFO: Run Behavior\ReadHtmlCacheBehavior [ RunTime:0.000244s ]
INFO: [ app_begin ] --END-- [ RunTime:0.000275s ]
SQL: SHOW COLUMNS FROM `meal_info` [ RunTime:0.0008s ]
NOTIC: [2] Illegal offset type in isset or empty /var/www/xhy/ThinkPHP/Library/Think/Model.class.php 第 445 行.
SQL: UPDATE `meal_info` SET `table_name`='哈哈',`person_count`='6',`table_type`='3',`is_order`='1' WHERE `sid` = '0000000001' AND `table_id` = '01' [ RunTime:0.0005s ]
SQL: SHOW COLUMNS FROM `meal_usage` [ RunTime:0.0006s ]
NOTIC: [2] Illegal offset type in isset or empty /var/www/xhy/ThinkPHP/Library/Think/Model.class.php 第 445 行.
SQL: UPDATE `meal_usage` SET `is_order`='1',`state`='0' WHERE `sid` = '0000000001' AND `table_id` = '01' [ RunTime:0.0003s ]
INFO: [ view_parse ] --START--
INFO: [ template_filter ] --START--
INFO: Run Behavior\ContentReplaceBehavior [ RunTime:0.000037s ]
INFO: [ template_filter ] --END-- [ RunTime:0.000079s ]
INFO: Run Behavior\ParseTemplateBehavior [ RunTime:0.017108s ]
INFO: [ view_parse ] --END-- [ RunTime:0.017141s ]
INFO: [ view_filter ] --START--
INFO: Run Behavior\WriteHtmlCacheBehavior [ RunTime:0.000090s ]
INFO: [ view_filter ] --END-- [ RunTime:0.000112s ]

[ 2017-10-11T15:42:58+08:00 ] 124.235.153.58 /index.php/Admin/Admin/seat/sid/0000000001/id/1.html
INFO: [ app_init ] --START--
INFO: Run Behavior\BuildLiteBehavior [ RunTime:0.000010s ]
INFO: [ app_init ] --END-- [ RunTime:0.000219s ]
INFO: [ app_begin ] --START--
INFO: Run Behavior\ReadHtmlCacheBehavior [ RunTime:0.000245s ]
INFO: [ app_begin ] --END-- [ RunTime:0.000273s ]
NOTIC: [8] Undefined index: openid /var/www/xhy/Application/Admin/Controller/AdminController.class.php 第 199 行.
SQL: SHOW COLUMNS FROM `sys_user` [ RunTime:0.0007s ]
SQL: SELECT `sys_user_level` FROM `sys_user` WHERE `sys_user_openid` = null AND `sid` = '0000000001' LIMIT 1   [ RunTime:0.0004s ]
SQL: SHOW COLUMNS FROM `meal_info` [ RunTime:0.0006s ]
SQL: SELECT distinct p.*,c.* FROM meal_info as p INNER JOIN meal_usage c ON p.sid=c.sid AND p.table_id=c.table_id  WHERE (  p.sid = "0000000001" and p.table_type != 0 )  [ RunTime:0.0009s ]
INFO: [ view_parse ] --START--
INFO: [ template_filter ] --START--
INFO: Run Behavior\ContentReplaceBehavior [ RunTime:0.000036s ]
INFO: [ template_filter ] --END-- [ RunTime:0.000068s ]
INFO: Run Behavior\ParseTemplateBehavior [ RunTime:0.005051s ]
INFO: [ view_parse ] --END-- [ RunTime:0.005083s ]
INFO: [ view_filter ] --START--
INFO: Run Behavior\WriteHtmlCacheBehavior [ RunTime:0.000092s ]
INFO: [ view_filter ] --END-- [ RunTime:0.000124s ]
INFO: [ app_end ] --START--
INFO: Run Behavior\ShowPageTraceBehavior [ RunTime:0.000291s ]
INFO: [ app_end ] --END-- [ RunTime:0.000319s ]

[ 2017-10-11T15:44:07+08:00 ] 124.235.153.58 /index.php/Admin/Admin/seatInfo/table_id/01/sid/0000000001/id/1.html
INFO: [ app_init ] --START--
INFO: Run Behavior\BuildLiteBehavior [ RunTime:0.000012s ]
INFO: [ app_init ] --END-- [ RunTime:0.000255s ]
INFO: [ app_begin ] --START--
INFO: Run Behavior\ReadHtmlCacheBehavior [ RunTime:0.000304s ]
INFO: [ app_begin ] --END-- [ RunTime:0.000336s ]
SQL: SHOW COLUMNS FROM `meal_info` [ RunTime:1.0483s ]
SQL: SELECT distinct p.*,c.* FROM meal_info as p INNER JOIN meal_usage c ON p.sid=c.sid AND p.table_id=c.table_id AND p.is_order=c.is_order  WHERE c.table_id = '01' AND c.sid = '0000000001' LIMIT 1   [ RunTime:64.3498s ]
NOTIC: [8] Undefined index: level /var/www/xhy/Application/Admin/Controller/AdminController.class.php 第 299 行.
INFO: [ view_parse ] --START--
INFO: [ template_filter ] --START--
INFO: Run Behavior\ContentReplaceBehavior [ RunTime:0.000040s ]
INFO: [ template_filter ] --END-- [ RunTime:0.000072s ]
INFO: Run Behavior\ParseTemplateBehavior [ RunTime:0.004894s ]
INFO: [ view_parse ] --END-- [ RunTime:0.004924s ]
INFO: [ view_filter ] --START--
INFO: Run Behavior\WriteHtmlCacheBehavior [ RunTime:0.000086s ]
INFO: [ view_filter ] --END-- [ RunTime:0.000108s ]
INFO: [ app_end ] --START--
INFO: Run Behavior\ShowPageTraceBehavior [ RunTime:0.000342s ]
INFO: [ app_end ] --END-- [ RunTime:0.000370s ]

[ 2017-10-11T15:48:42+08:00 ] 124.235.153.58 /index.php/Admin/Admin/
INFO: [ app_init ] --START--
INFO: Run Behavior\BuildLiteBehavior [ RunTime:0.000011s ]
INFO: [ app_init ] --END-- [ RunTime:0.000239s ]
INFO: [ app_begin ] --START--
INFO: Run Behavior\ReadHtmlCacheBehavior [ RunTime:0.000282s ]
INFO: [ app_begin ] --END-- [ RunTime:0.000312s ]

[ 2017-10-11T15:48:49+08:00 ] 124.235.153.58 /index.php/Admin/Admin/?code=01171H8Z1PtzVY0cwB7Z1Q8Q8Z171H8T&state=STATE
INFO: [ app_init ] --START--
INFO: Run Behavior\BuildLiteBehavior [ RunTime:0.000011s ]
INFO: [ app_init ] --END-- [ RunTime:0.000234s ]
INFO: [ app_begin ] --START--
INFO: Run Behavior\ReadHtmlCacheBehavior [ RunTime:0.000242s ]
INFO: [ app_begin ] --END-- [ RunTime:0.000272s ]
NOTIC: [8] Undefined property: WxPayJsApi::$curl_timeout /var/www/xhy/ThinkPHP/Library/Vendor/WxpayAPI/example/WxPayJsApi.php 第 99 行.
SQL: SHOW COLUMNS FROM `sys_user` [ RunTime:0.0007s ]
SQL: SELECT `sys_user_openid` FROM `sys_user` WHERE `sys_user_openid` = 'oGcQ7wTdkUrYqYhxVSjYFpjd6wRo' AND `sid` = '0000000001' LIMIT 1   [ RunTime:0.0003s ]
INFO: [ view_parse ] --START--
INFO: [ template_filter ] --START--
INFO: Run Behavior\ContentReplaceBehavior [ RunTime:0.000046s ]
INFO: [ template_filter ] --END-- [ RunTime:0.000088s ]
INFO: Run Behavior\ParseTemplateBehavior [ RunTime:0.004088s ]
INFO: [ view_parse ] --END-- [ RunTime:0.004129s ]
INFO: [ view_filter ] --START--
INFO: Run Behavior\WriteHtmlCacheBehavior [ RunTime:0.000112s ]
INFO: [ view_filter ] --END-- [ RunTime:0.000145s ]
INFO: [ app_end ] --START--
INFO: Run Behavior\ShowPageTraceBehavior [ RunTime:0.000411s ]
INFO: [ app_end ] --END-- [ RunTime:0.000448s ]

[ 2017-10-11T15:49:21+08:00 ] 124.235.153.58 /index.php/Admin/Admin/seat/sid/0000000001/id/1/openid/oGcQ7wTdkUrYqYhxVSjYFpjd6wRo.html
INFO: [ app_init ] --START--
INFO: Run Behavior\BuildLiteBehavior [ RunTime:0.000013s ]
INFO: [ app_init ] --END-- [ RunTime:0.000237s ]
INFO: [ app_begin ] --START--
INFO: Run Behavior\ReadHtmlCacheBehavior [ RunTime:0.000301s ]
INFO: [ app_begin ] --END-- [ RunTime:0.000332s ]
SQL: SHOW COLUMNS FROM `sys_user` [ RunTime:26.6871s ]
SQL: SELECT `sys_user_level` FROM `sys_user` WHERE `sys_user_openid` = 'oGcQ7wTdkUrYqYhxVSjYFpjd6wRo' AND `sid` = '0000000001' LIMIT 1   [ RunTime:0.0004s ]
SQL: SHOW COLUMNS FROM `meal_info` [ RunTime:0.0008s ]
SQL: SELECT distinct p.*,c.* FROM meal_info as p INNER JOIN meal_usage c ON p.sid=c.sid AND p.table_id=c.table_id  WHERE (  p.sid = "0000000001" and p.table_type != 0 )  [ RunTime:0.0004s ]
INFO: [ view_parse ] --START--
INFO: [ template_filter ] --START--
INFO: Run Behavior\ContentReplaceBehavior [ RunTime:0.000034s ]
INFO: [ template_filter ] --END-- [ RunTime:0.000064s ]
INFO: Run Behavior\ParseTemplateBehavior [ RunTime:0.004911s ]
INFO: [ view_parse ] --END-- [ RunTime:0.004943s ]
INFO: [ view_filter ] --START--
INFO: Run Behavior\WriteHtmlCacheBehavior [ RunTime:0.000094s ]
INFO: [ view_filter ] --END-- [ RunTime:0.000117s ]
INFO: [ app_end ] --START--
INFO: Run Behavior\ShowPageTraceBehavior [ RunTime:0.000326s ]
INFO: [ app_end ] --END-- [ RunTime:0.000354s ]

[ 2017-10-11T15:56:58+08:00 ] 124.235.153.58 /index.php/Admin/Admin/seatInfo/table_id/01/sid/0000000001/id/1/level/1.html
INFO: [ app_init ] --START--
INFO: Run Behavior\BuildLiteBehavior [ RunTime:0.000011s ]
INFO: [ app_init ] --END-- [ RunTime:0.000239s ]
INFO: [ app_begin ] --START--
INFO: Run Behavior\ReadHtmlCacheBehavior [ RunTime:0.000279s ]
INFO: [ app_begin ] --END-- [ RunTime:0.000308s ]
SQL: SHOW COLUMNS FROM `meal_info` [ RunTime:2.0540s ]
SQL: SELECT distinct p.*,c.* FROM meal_info as p INNER JOIN meal_usage c ON p.sid=c.sid AND p.table_id=c.table_id AND p.is_order=c.is_order  WHERE c.table_id = '01' AND c.sid = '0000000001' LIMIT 1   [ RunTime:450.3017s ]
INFO: [ view_parse ] --START--
INFO: [ template_filter ] --START--
INFO: Run Behavior\ContentReplaceBehavior [ RunTime:0.000142s ]
INFO: [ template_filter ] --END-- [ RunTime:0.000188s ]
INFO: Run Behavior\ParseTemplateBehavior [ RunTime:0.005907s ]
INFO: [ view_parse ] --END-- [ RunTime:0.005944s ]
INFO: [ view_filter ] --START--
INFO: Run Behavior\WriteHtmlCacheBehavior [ RunTime:0.000092s ]
INFO: [ view_filter ] --END-- [ RunTime:0.000123s ]
INFO: [ app_end ] --START--
INFO: Run Behavior\ShowPageTraceBehavior [ RunTime:0.000327s ]
INFO: [ app_end ] --END-- [ RunTime:0.000469s ]

[ 2017-10-11T16:10:40+08:00 ] 182.254.86.146 /admin/create/rec?signature=5355566cab15babcc8f6e81edb03802201aff6d8&timestamp=1507709434&nonce=1777808287&openid=oGcQ7wR01-nWAQwOY-bV2AVWyqjc&encrypt_type=aes&msg_signature=390cd9d0bc7bf8a4e597f6bf155b3914c74f1f0a
INFO: [ app_init ] --START--
INFO: Run Behavior\BuildLiteBehavior [ RunTime:0.000012s ]
INFO: [ app_init ] --END-- [ RunTime:0.000234s ]
INFO: [ app_begin ] --START--
INFO: Run Behavior\ReadHtmlCacheBehavior [ RunTime:0.000246s ]
INFO: [ app_begin ] --END-- [ RunTime:0.000277s ]
NOTIC: [8] Undefined index: echostr /var/www/xhy/Application/Admin/Controller/token.php 第 32 行.
NOTIC: [8] Undefined index: CardId /var/www/xhy/Application/Admin/Controller/CreateController.class.php 第 1113 行.
SQL: SHOW COLUMNS FROM `status` [ RunTime:0.6149s ]
ERR: 1048:Column 'card_id' cannot be null
 [ SQL语句 ] : INSERT INTO `status` (`event`,`card_id`) VALUES ('subscribe',NULL)
ERR: 1048:Column 'card_id' cannot be null
 [ SQL语句 ] : INSERT INTO `status` (`event`,`card_id`) VALUES ('subscribe',NULL)

[ 2017-10-11T16:10:42+08:00 ] 182.254.86.156 /admin/create/rec?signature=5355566cab15babcc8f6e81edb03802201aff6d8&timestamp=1507709434&nonce=1777808287&openid=oGcQ7wR01-nWAQwOY-bV2AVWyqjc&encrypt_type=aes&msg_signature=390cd9d0bc7bf8a4e597f6bf155b3914c74f1f0a
INFO: [ app_init ] --START--
INFO: Run Behavior\BuildLiteBehavior [ RunTime:0.000012s ]
INFO: [ app_init ] --END-- [ RunTime:0.000235s ]
INFO: [ app_begin ] --START--
INFO: Run Behavior\ReadHtmlCacheBehavior [ RunTime:0.000281s ]
INFO: [ app_begin ] --END-- [ RunTime:0.000312s ]
NOTIC: [8] Undefined index: echostr /var/www/xhy/Application/Admin/Controller/token.php 第 32 行.
NOTIC: [8] Undefined index: CardId /var/www/xhy/Application/Admin/Controller/CreateController.class.php 第 1113 行.
SQL: SHOW COLUMNS FROM `status` [ RunTime:0.2115s ]
ERR: 1048:Column 'card_id' cannot be null
 [ SQL语句 ] : INSERT INTO `status` (`event`,`card_id`) VALUES ('subscribe',NULL)
ERR: 1048:Column 'card_id' cannot be null
 [ SQL语句 ] : INSERT INTO `status` (`event`,`card_id`) VALUES ('subscribe',NULL)

[ 2017-10-11T16:28:56+08:00 ] 124.235.153.58 /index.php/Admin/Admin/editSeat.html
INFO: [ app_init ] --START--
INFO: Run Behavior\BuildLiteBehavior [ RunTime:0.000011s ]
INFO: [ app_init ] --END-- [ RunTime:0.000225s ]
INFO: [ app_begin ] --START--
INFO: Run Behavior\ReadHtmlCacheBehavior [ RunTime:0.000240s ]
INFO: [ app_begin ] --END-- [ RunTime:0.000270s ]
SQL: SHOW COLUMNS FROM `meal_info` [ RunTime:0.0105s ]
NOTIC: [2] Illegal offset type in isset or empty /var/www/xhy/ThinkPHP/Library/Think/Model.class.php 第 445 行.
SQL: UPDATE `meal_info` SET `table_name`='急急急',`person_count`='6',`table_type`='3',`is_order`='1' WHERE `sid` = '0000000001' AND `table_id` = '01' [ RunTime:0.0121s ]
SQL: SHOW COLUMNS FROM `meal_usage` [ RunTime:59.6827s ]
NOTIC: [2] Illegal offset type in isset or empty /var/www/xhy/ThinkPHP/Library/Think/Model.class.php 第 445 行.
SQL: UPDATE `meal_usage` SET `is_order`='1',`state`='0' WHERE `sid` = '0000000001' AND `table_id` = '01' [ RunTime:0.0101s ]
INFO: [ view_parse ] --START--
INFO: [ template_filter ] --START--
INFO: Run Behavior\ContentReplaceBehavior [ RunTime:0.000033s ]
INFO: [ template_filter ] --END-- [ RunTime:0.000072s ]
INFO: Run Behavior\ParseTemplateBehavior [ RunTime:0.003875s ]
INFO: [ view_parse ] --END-- [ RunTime:0.003912s ]
INFO: [ view_filter ] --START--
INFO: Run Behavior\WriteHtmlCacheBehavior [ RunTime:0.000092s ]
INFO: [ view_filter ] --END-- [ RunTime:0.000114s ]

[ 2017-10-11T16:30:02+08:00 ] 124.235.153.58 /index.php/Admin/Admin/seat/sid/0000000001/id/1/level/1.html
INFO: [ app_init ] --START--
INFO: Run Behavior\BuildLiteBehavior [ RunTime:0.000013s ]
INFO: [ app_init ] --END-- [ RunTime:0.000237s ]
INFO: [ app_begin ] --START--
INFO: Run Behavior\ReadHtmlCacheBehavior [ RunTime:0.000360s ]
INFO: [ app_begin ] --END-- [ RunTime:0.000390s ]
NOTIC: [8] Undefined index: openid /var/www/xhy/Application/Admin/Controller/AdminController.class.php 第 199 行.
SQL: SHOW COLUMNS FROM `sys_user` [ RunTime:0.0009s ]
SQL: SELECT `sys_user_level` FROM `sys_user` WHERE `sys_user_openid` = null AND `sid` = '0000000001' LIMIT 1   [ RunTime:0.0004s ]
SQL: SHOW COLUMNS FROM `meal_info` [ RunTime:0.0006s ]
SQL: SELECT distinct p.*,c.* FROM meal_info as p INNER JOIN meal_usage c ON p.sid=c.sid AND p.table_id=c.table_id  WHERE (  p.sid = "0000000001" and p.table_type != 0 )  [ RunTime:0.0009s ]
INFO: [ view_parse ] --START--
INFO: [ template_filter ] --START--
INFO: Run Behavior\ContentReplaceBehavior [ RunTime:0.000041s ]
INFO: [ template_filter ] --END-- [ RunTime:0.000091s ]
INFO: Run Behavior\ParseTemplateBehavior [ RunTime:0.005893s ]
INFO: [ view_parse ] --END-- [ RunTime:0.005929s ]
INFO: [ view_filter ] --START--
INFO: Run Behavior\WriteHtmlCacheBehavior [ RunTime:0.000110s ]
INFO: [ view_filter ] --END-- [ RunTime:0.000139s ]
INFO: [ app_end ] --START--
INFO: Run Behavior\ShowPageTraceBehavior [ RunTime:0.000314s ]
INFO: [ app_end ] --END-- [ RunTime:0.000348s ]

[ 2017-10-11T16:30:05+08:00 ] 124.235.153.58 /index.php/Admin/Admin/seatInfo/table_id/01/sid/0000000001/id/1.html
INFO: [ app_init ] --START--
INFO: Run Behavior\BuildLiteBehavior [ RunTime:0.000015s ]
INFO: [ app_init ] --END-- [ RunTime:0.000397s ]
INFO: [ app_begin ] --START--
INFO: Run Behavior\ReadHtmlCacheBehavior [ RunTime:0.000390s ]
INFO: [ app_begin ] --END-- [ RunTime:0.000429s ]
SQL: SHOW COLUMNS FROM `meal_info` [ RunTime:0.0007s ]
SQL: SELECT distinct p.*,c.* FROM meal_info as p INNER JOIN meal_usage c ON p.sid=c.sid AND p.table_id=c.table_id AND p.is_order=c.is_order  WHERE c.table_id = '01' AND c.sid = '0000000001' LIMIT 1   [ RunTime:0.0006s ]
NOTIC: [8] Undefined index: level /var/www/xhy/Application/Admin/Controller/AdminController.class.php 第 299 行.
INFO: [ view_parse ] --START--
INFO: [ template_filter ] --START--
INFO: Run Behavior\ContentReplaceBehavior [ RunTime:0.000043s ]
INFO: [ template_filter ] --END-- [ RunTime:0.000079s ]
INFO: Run Behavior\ParseTemplateBehavior [ RunTime:0.007334s ]
INFO: [ view_parse ] --END-- [ RunTime:0.007370s ]
INFO: [ view_filter ] --START--
INFO: Run Behavior\WriteHtmlCacheBehavior [ RunTime:0.000090s ]
INFO: [ view_filter ] --END-- [ RunTime:0.000113s ]
INFO: [ app_end ] --START--
INFO: Run Behavior\ShowPageTraceBehavior [ RunTime:0.000315s ]
INFO: [ app_end ] --END-- [ RunTime:0.000342s ]

[ 2017-10-11T16:41:43+08:00 ] 124.235.153.58 /index.php/Admin/Admin/
INFO: [ app_init ] --START--
INFO: Run Behavior\BuildLiteBehavior [ RunTime:0.000014s ]
INFO: [ app_init ] --END-- [ RunTime:0.000347s ]
INFO: [ app_begin ] --START--
INFO: Run Behavior\ReadHtmlCacheBehavior [ RunTime:0.000389s ]
INFO: [ app_begin ] --END-- [ RunTime:0.000437s ]

[ 2017-10-11T16:41:49+08:00 ] 124.235.153.58 /index.php/Admin/Admin/?code=081cjcAj0EdIKk1sosxj0cm1Aj0cjcAv&state=STATE
INFO: [ app_init ] --START--
INFO: Run Behavior\BuildLiteBehavior [ RunTime:0.000012s ]
INFO: [ app_init ] --END-- [ RunTime:0.000242s ]
INFO: [ app_begin ] --START--
INFO: Run Behavior\ReadHtmlCacheBehavior [ RunTime:0.000253s ]
INFO: [ app_begin ] --END-- [ RunTime:0.000282s ]
NOTIC: [8] Undefined property: WxPayJsApi::$curl_timeout /var/www/xhy/ThinkPHP/Library/Vendor/WxpayAPI/example/WxPayJsApi.php 第 99 行.
SQL: SHOW COLUMNS FROM `sys_user` [ RunTime:0.0008s ]
SQL: SELECT `sys_user_openid` FROM `sys_user` WHERE `sys_user_openid` = 'oGcQ7wTdkUrYqYhxVSjYFpjd6wRo' AND `sid` = '0000000001' LIMIT 1   [ RunTime:0.0003s ]
INFO: [ view_parse ] --START--
INFO: [ template_filter ] --START--
INFO: Run Behavior\ContentReplaceBehavior [ RunTime:0.000059s ]
INFO: [ template_filter ] --END-- [ RunTime:0.000095s ]
INFO: Run Behavior\ParseTemplateBehavior [ RunTime:0.003906s ]
INFO: [ view_parse ] --END-- [ RunTime:0.003936s ]
INFO: [ view_filter ] --START--
INFO: Run Behavior\WriteHtmlCacheBehavior [ RunTime:0.000091s ]
INFO: [ view_filter ] --END-- [ RunTime:0.000113s ]
INFO: [ app_end ] --START--
INFO: Run Behavior\ShowPageTraceBehavior [ RunTime:0.000296s ]
INFO: [ app_end ] --END-- [ RunTime:0.000323s ]

[ 2017-10-11T16:47:37+08:00 ] 124.235.153.58 /index.php/Admin/Admin/seat/sid/0000000001/id/1/openid/oGcQ7wTdkUrYqYhxVSjYFpjd6wRo.html
INFO: [ app_init ] --START--
INFO: Run Behavior\BuildLiteBehavior [ RunTime:0.000011s ]
INFO: [ app_init ] --END-- [ RunTime:0.000265s ]
INFO: [ app_begin ] --START--
INFO: Run Behavior\ReadHtmlCacheBehavior [ RunTime:0.000266s ]
INFO: [ app_begin ] --END-- [ RunTime:0.000301s ]
SQL: SHOW COLUMNS FROM `sys_user` [ RunTime:333.8564s ]
SQL: SELECT `sys_user_level` FROM `sys_user` WHERE `sys_user_openid` = 'oGcQ7wTdkUrYqYhxVSjYFpjd6wRo' AND `sid` = '0000000001' LIMIT 1   [ RunTime:0.0004s ]
SQL: SHOW COLUMNS FROM `meal_info` [ RunTime:0.0008s ]
SQL: SELECT distinct p.*,c.* FROM meal_info as p INNER JOIN meal_usage c ON p.sid=c.sid AND p.table_id=c.table_id  WHERE (  p.sid = "0000000001" and p.table_type != 0 )  [ RunTime:0.0003s ]
INFO: [ view_parse ] --START--
INFO: [ template_filter ] --START--
INFO: Run Behavior\ContentReplaceBehavior [ RunTime:0.000037s ]
INFO: [ template_filter ] --END-- [ RunTime:0.000072s ]
INFO: Run Behavior\ParseTemplateBehavior [ RunTime:0.005340s ]
INFO: [ view_parse ] --END-- [ RunTime:0.005374s ]
INFO: [ view_filter ] --START--
INFO: Run Behavior\WriteHtmlCacheBehavior [ RunTime:0.000099s ]
INFO: [ view_filter ] --END-- [ RunTime:0.000126s ]
INFO: [ app_end ] --START--
INFO: Run Behavior\ShowPageTraceBehavior [ RunTime:0.000321s ]
INFO: [ app_end ] --END-- [ RunTime:0.000350s ]

[ 2017-10-11T16:47:41+08:00 ] 124.235.153.58 /index.php/Admin/Admin/seat/sid/0000000001/id/1/openid/oGcQ7wTdkUrYqYhxVSjYFpjd6wRo.html
INFO: [ app_init ] --START--
INFO: Run Behavior\BuildLiteBehavior [ RunTime:0.000010s ]
INFO: [ app_init ] --END-- [ RunTime:0.000234s ]
INFO: [ app_begin ] --START--
INFO: Run Behavior\ReadHtmlCacheBehavior [ RunTime:0.000269s ]
INFO: [ app_begin ] --END-- [ RunTime:0.000304s ]
SQL: SHOW COLUMNS FROM `sys_user` [ RunTime:0.0009s ]
SQL: SELECT `sys_user_level` FROM `sys_user` WHERE `sys_user_openid` = 'oGcQ7wTdkUrYqYhxVSjYFpjd6wRo' AND `sid` = '0000000001' LIMIT 1   [ RunTime:0.0003s ]
SQL: SHOW COLUMNS FROM `meal_info` [ RunTime:0.0006s ]
SQL: SELECT distinct p.*,c.* FROM meal_info as p INNER JOIN meal_usage c ON p.sid=c.sid AND p.table_id=c.table_id  WHERE (  p.sid = "0000000001" and p.table_type != 0 )  [ RunTime:0.0004s ]
INFO: [ view_parse ] --START--
INFO: [ template_filter ] --START--
INFO: Run Behavior\ContentReplaceBehavior [ RunTime:0.000035s ]
INFO: [ template_filter ] --END-- [ RunTime:0.000065s ]
INFO: Run Behavior\ParseTemplateBehavior [ RunTime:0.005003s ]
INFO: [ view_parse ] --END-- [ RunTime:0.005034s ]
INFO: [ view_filter ] --START--
INFO: Run Behavior\WriteHtmlCacheBehavior [ RunTime:0.000090s ]
INFO: [ view_filter ] --END-- [ RunTime:0.000114s ]
INFO: [ app_end ] --START--
INFO: Run Behavior\ShowPageTraceBehavior [ RunTime:0.000298s ]
INFO: [ app_end ] --END-- [ RunTime:0.000328s ]

[ 2017-10-11T16:48:43+08:00 ] 124.235.153.58 /index.php/Admin/Admin/seatInfo/table_id/01/sid/0000000001/id/1/level/1/openid/o.html
INFO: [ app_init ] --START--
INFO: Run Behavior\BuildLiteBehavior [ RunTime:0.000014s ]
INFO: [ app_init ] --END-- [ RunTime:0.000437s ]
INFO: [ app_begin ] --START--
INFO: Run Behavior\ReadHtmlCacheBehavior [ RunTime:0.000265s ]
INFO: [ app_begin ] --END-- [ RunTime:0.000299s ]
SQL: SHOW COLUMNS FROM `meal_info` [ RunTime:1.6728s ]
SQL: SELECT distinct p.*,c.* FROM meal_info as p INNER JOIN meal_usage c ON p.sid=c.sid AND p.table_id=c.table_id AND p.is_order=c.is_order  WHERE c.table_id = '01' AND c.sid = '0000000001' LIMIT 1   [ RunTime:3.3386s ]
INFO: [ view_parse ] --START--
INFO: [ template_filter ] --START--
INFO: Run Behavior\ContentReplaceBehavior [ RunTime:0.000048s ]
INFO: [ template_filter ] --END-- [ RunTime:0.000091s ]
INFO: Run Behavior\ParseTemplateBehavior [ RunTime:0.005817s ]
INFO: [ view_parse ] --END-- [ RunTime:0.005856s ]
INFO: [ view_filter ] --START--
INFO: Run Behavior\WriteHtmlCacheBehavior [ RunTime:0.000101s ]
INFO: [ view_filter ] --END-- [ RunTime:0.000129s ]
INFO: [ app_end ] --START--
INFO: Run Behavior\ShowPageTraceBehavior [ RunTime:0.000307s ]
INFO: [ app_end ] --END-- [ RunTime:0.000333s ]

[ 2017-10-11T16:49:38+08:00 ] 124.235.153.58 /index.php/Admin/Admin/editSeat.html
INFO: [ app_init ] --START--
INFO: Run Behavior\BuildLiteBehavior [ RunTime:0.000014s ]
INFO: [ app_init ] --END-- [ RunTime:0.000321s ]
INFO: [ app_begin ] --START--
INFO: Run Behavior\ReadHtmlCacheBehavior [ RunTime:0.000397s ]
INFO: [ app_begin ] --END-- [ RunTime:0.000438s ]
SQL: SHOW COLUMNS FROM `meal_info` [ RunTime:6.7530s ]
NOTIC: [2] Illegal offset type in isset or empty /var/www/xhy/ThinkPHP/Library/Think/Model.class.php 第 445 行.
SQL: UPDATE `meal_info` SET `table_name`='哎哎哎',`person_count`='6',`table_type`='3',`is_order`='1' WHERE `sid` = '0000000001' AND `table_id` = '01' [ RunTime:0.4149s ]
SQL: SHOW COLUMNS FROM `meal_usage` [ RunTime:0.9452s ]
NOTIC: [2] Illegal offset type in isset or empty /var/www/xhy/ThinkPHP/Library/Think/Model.class.php 第 445 行.
SQL: UPDATE `meal_usage` SET `is_order`='1',`state`='0' WHERE `sid` = '0000000001' AND `table_id` = '01' [ RunTime:0.0084s ]
INFO: [ view_parse ] --START--
INFO: [ template_filter ] --START--
INFO: Run Behavior\ContentReplaceBehavior [ RunTime:0.000039s ]
INFO: [ template_filter ] --END-- [ RunTime:0.000079s ]
INFO: Run Behavior\ParseTemplateBehavior [ RunTime:0.003705s ]
INFO: [ view_parse ] --END-- [ RunTime:0.003746s ]
INFO: [ view_filter ] --START--
INFO: Run Behavior\WriteHtmlCacheBehavior [ RunTime:0.000111s ]
INFO: [ view_filter ] --END-- [ RunTime:0.000139s ]

[ 2017-10-11T16:50:22+08:00 ] 124.235.153.58 /index.php/Admin/Admin
INFO: [ app_init ] --START--
INFO: Run Behavior\BuildLiteBehavior [ RunTime:0.000011s ]
INFO: [ app_init ] --END-- [ RunTime:0.000229s ]
INFO: [ app_begin ] --START--
INFO: Run Behavior\ReadHtmlCacheBehavior [ RunTime:0.004302s ]
INFO: [ app_begin ] --END-- [ RunTime:0.004339s ]

[ 2017-10-11T16:52:43+08:00 ] 124.235.153.58 /index.php/Admin/Admin
INFO: [ app_init ] --START--
INFO: Run Behavior\BuildLiteBehavior [ RunTime:0.000012s ]
INFO: [ app_init ] --END-- [ RunTime:0.000239s ]
INFO: [ app_begin ] --START--
INFO: Run Behavior\ReadHtmlCacheBehavior [ RunTime:0.000283s ]
INFO: [ app_begin ] --END-- [ RunTime:0.000323s ]

[ 2017-10-11T16:52:53+08:00 ] 124.235.153.58 /index.php/Admin/Admin?code=011DkYv1157T512LrEz11V7Tv11DkYvf&state=STATE
INFO: [ app_init ] --START--
INFO: Run Behavior\BuildLiteBehavior [ RunTime:0.000012s ]
INFO: [ app_init ] --END-- [ RunTime:0.000289s ]
INFO: [ app_begin ] --START--
INFO: Run Behavior\ReadHtmlCacheBehavior [ RunTime:0.000289s ]
INFO: [ app_begin ] --END-- [ RunTime:0.000336s ]
NOTIC: [8] Undefined property: WxPayJsApi::$curl_timeout /var/www/xhy/ThinkPHP/Library/Vendor/WxpayAPI/example/WxPayJsApi.php 第 99 行.
SQL: SHOW COLUMNS FROM `sys_user` [ RunTime:0.0009s ]
SQL: SELECT `sys_user_openid` FROM `sys_user` WHERE `sys_user_openid` = 'oGcQ7wTdkUrYqYhxVSjYFpjd6wRo' AND `sid` = '0000000001' LIMIT 1   [ RunTime:0.0003s ]
INFO: [ view_parse ] --START--
INFO: [ template_filter ] --START--
INFO: Run Behavior\ContentReplaceBehavior [ RunTime:0.000042s ]
INFO: [ template_filter ] --END-- [ RunTime:0.000081s ]
INFO: Run Behavior\ParseTemplateBehavior [ RunTime:0.004428s ]
INFO: [ view_parse ] --END-- [ RunTime:0.004476s ]
INFO: [ view_filter ] --START--
INFO: Run Behavior\WriteHtmlCacheBehavior [ RunTime:0.000094s ]
INFO: [ view_filter ] --END-- [ RunTime:0.000122s ]
INFO: [ app_end ] --START--
INFO: Run Behavior\ShowPageTraceBehavior [ RunTime:0.000334s ]
INFO: [ app_end ] --END-- [ RunTime:0.000362s ]

